Reading family information ...
family file: number of sequences: 105529
family file: number of families: 969
Filtering families ...
1 82911 82911
2 1519 1519
3 356 356
4 619 619
5 9216 9216
6 271 271
7 339 339
8 29 29
9 143 143
10 91 91
11 5 5
12 75 75
13 15 15
14 64 64
15 3 3
16 2 2
17 31 31
18 17 17
19 11 11
20 5 5
21 3 3
22 3 3
23 236 236
24 22 22
25 11 11
26 6 6
27 42 42
28 9 9
29 8 8
30 10 10
31 4 4
32 5 5
33 39 39
34 4 4
35 2 2
36 6 6
37 6 6
38 2 2
39 11 11
40 2 2
41 5 5
42 88 88
43 20 20
44 15 15
45 28 28
46 178 178
47 13 13
48 53 53
49 14 14
50 4 4
51 2 2
52 8 8
53 2 2
54 12 12
55 6 6
56 18 18
57 2 2
58 10 10
59 2 2
60 28 28
61 4 4
62 19 19
63 6 6
64 10 10
65 6 6
66 68 68
67 14 14
68 6 6
69 16 16
70 7 7
71 3 3
72 2 2
73 1267 1267
74 32 32
75 20 20
76 7 7
77 27 27
78 12 12
79 3 3
80 8 8
81 2 2
82 104 104
83 6 6
84 10 10
85 15 15
86 6 6
87 4 4
88 2 2
89 7 7
90 3 3
91 10 10
92 18 18
93 9 9
94 4 4
95 8 8
96 5 5
97 14 14
98 3 3
99 5 5
100 7 7
101 16 16
102 7 7
103 16 16
104 3 3
105 2 2
106 2 2
107 10 10
108 18 18
109 5 5
110 3 3
111 7 7
112 3 3
113 47 47
114 5 5
115 14 14
116 3 3
117 3 3
118 2 2
119 27 27
120 2 2
121 2 2
122 14 14
123 4 4
124 7 7
125 3 3
126 2 2
127 2 2
128 2 2
129 3 3
130 22 22
131 6 6
132 3 3
133 2 2
134 11 11
135 14 14
136 6 6
137 21 21
138 5 5
139 34 34
140 3 3
141 14 14
142 6 6
143 4 4
144 7 7
145 8 8
146 2 2
147 9 9
148 2 2
149 3 3
150 6 6
151 4 4
152 19 19
153 3 3
154 7 7
155 9 9
156 7 7
157 3 3
158 3 3
159 4 4
160 2 2
161 39 39
162 8 8
163 2 2
164 4 4
165 3 3
166 4 4
167 8 8
168 2 2
169 3 3
170 2 2
171 3 3
172 3 3
173 5 5
174 2 2
175 3 3
176 4 4
177 898 898
178 21 21
179 16 16
180 11 11
181 14 14
182 17 17
183 4 4
184 4 4
185 2 2
186 3 3
187 2 2
188 4 4
189 14 14
190 4 4
191 2 2
192 2 2
193 10 10
194 2 2
195 3 3
196 17 17
197 9 9
198 20 20
199 6 6
200 6 6
201 2 2
202 16 16
203 2 2
204 21 21
205 4 4
206 3 3
207 4 4
208 5 5
209 6 6
210 2 2
211 14 14
212 2 2
213 2 2
214 22 22
215 3 3
216 4 4
217 3 3
218 14 14
219 10 10
220 4 4
221 7 7
222 11 11
223 2 2
224 6 6
225 59 59
226 3 3
227 6 6
228 2 2
229 8 8
230 2 2
231 5 5
232 3 3
233 4 4
234 13 13
235 6 6
236 18 18
237 7 7
238 50 50
239 8 8
240 8 8
241 4 4
242 3 3
243 7 7
244 11 11
245 8 8
246 4 4
247 5 5
248 8 8
249 2 2
250 4 4
251 2 2
252 8 8
253 9 9
254 4 4
255 14 14
256 5 5
257 30 30
258 29 29
259 29 29
260 17 17
261 4 4
262 13 13
263 3 3
264 9 9
265 9 9
266 4 4
267 5 5
268 15 15
269 3 3
270 12 12
271 3 3
272 7 7
273 2 2
274 5 5
275 5 5
276 10 10
277 2 2
278 7 7
279 4 4
280 10 10
281 4 4
282 3 3
283 2 2
284 3 3
285 3 3
286 2 2
287 10 10
288 4 4
289 4 4
290 6 6
291 2 2
292 2 2
293 26 26
294 20 20
295 4 4
296 11 11
297 24 24
298 20 20
299 6 6
300 31 31
301 6 6
302 6 6
303 39 39
304 5 5
305 2 2
306 31 31
307 24 24
308 50 50
309 9 9
310 10 10
311 2 2
312 5 5
313 12 12
314 7 7
315 2 2
316 2 2
317 2 2
318 10 10
319 3 3
320 3 3
321 3 3
322 3 3
323 4 4
324 2 2
325 3 3
326 2 2
327 11 11
328 2 2
329 2 2
330 11 11
331 2 2
332 22 22
333 4 4
334 12 12
335 5 5
336 22 22
337 5 5
338 4 4
339 2 2
340 3 3
341 4 4
342 5 5
343 5 5
344 13 13
345 13 13
346 3 3
347 15 15
348 3 3
349 9 9
350 3 3
351 24 24
352 4 4
353 2 2
354 28 28
355 5 5
356 2 2
357 10 10
358 5 5
359 4 4
360 3 3
361 4 4
362 2 2
363 6 6
364 2 2
365 5 5
366 2 2
367 2 2
368 8 8
369 2 2
370 3 3
371 2 2
372 2 2
373 2 2
374 12 12
375 3 3
376 3 3
377 5 5
378 3 3
379 3 3
380 6 6
381 2 2
382 17 17
383 9 9
384 25 25
385 5 5
386 6 6
387 3 3
388 3 3
389 3 3
390 38 38
391 6 6
392 2 2
393 26 26
394 26 26
395 25 25
396 9 9
397 2 2
398 5 5
399 2 2
400 10 10
401 3 3
402 2 2
403 4 4
404 2 2
405 2 2
406 2 2
407 4 4
408 3 3
409 3 3
410 3 3
411 10 10
412 2 2
413 9 9
414 2 2
415 7 7
416 2 2
417 3 3
418 3 3
419 3 3
420 3 3
421 2 2
422 3 3
423 3 3
424 2 2
425 8 8
426 13 13
427 3 3
428 6 6
429 2 2
430 2 2
431 19 19
432 5 5
433 7 7
434 3 3
435 5 5
436 2 2
437 33 33
438 3 3
439 2 2
440 2 2
441 12 12
442 20 20
443 6 6
444 4 4
445 10 10
446 8 8
447 2 2
448 4 4
449 15 15
450 3 3
451 14 14
452 8 8
453 5 5
454 34 34
455 11 11
456 10 10
457 4 4
458 4 4
459 2 2
460 13 13
461 3 3
462 2 2
463 3 3
464 4 4
465 14 14
466 5 5
467 19 19
468 5 5
469 3 3
470 10 10
471 4 4
472 4 4
473 3 3
474 3 3
475 4 4
476 2 2
477 2 2
478 5 5
479 2 2
480 30 30
481 3 3
482 60 60
483 3 3
484 13 13
485 6 6
486 3 3
487 2 2
488 19 19
489 23 23
490 6 6
491 4 4
492 32 32
493 3 3
494 19 19
495 3 3
496 25 25
497 9 9
498 7 7
499 8 8
500 4 4
501 2 2
502 2 2
503 2 2
504 2 2
505 2 2
506 2 2
507 6 6
508 2 2
509 3 3
510 2 2
511 2 2
512 2 2
513 4 4
514 2 2
515 2 2
516 2 2
517 2 2
518 9 9
519 11 11
520 7 7
521 5 5
522 3 3
523 2 2
524 3 3
525 9 9
526 9 9
527 6 6
528 3 3
529 2 2
530 3 3
531 14 14
532 4 4
533 15 15
534 7 7
535 17 17
536 5 5
537 2 2
538 2 2
539 3 3
540 5 5
541 7 7
542 4 4
543 7 7
544 2 2
545 4 4
546 28 28
547 3 3
548 10 10
549 2 2
550 6 6
551 4 4
552 2 2
553 7 7
554 2 2
555 2 2
556 2 2
557 5 5
558 10 10
559 3 3
560 16 16
561 3 3
562 10 10
563 9 9
564 2 2
565 23 23
566 5 5
567 14 14
568 4 4
569 2 2
570 3 3
571 60 60
572 4 4
573 11 11
574 5 5
575 2 2
576 2 2
577 3 3
578 4 4
579 16 16
580 2 2
581 2 2
582 2 2
583 8 8
584 3 3
585 8 8
586 11 11
587 10 10
588 4 4
589 3 3
590 2 2
591 9 9
592 8 8
593 4 4
594 8 8
595 4 4
596 7 7
597 2 2
598 4 4
599 2 2
600 5 5
601 3 3
602 7 7
603 6 6
604 3 3
605 5 5
606 10 10
607 3 3
608 6 6
609 3 3
610 2 2
611 18 18
612 2 2
613 23 23
614 3 3
615 7 7
616 5 5
617 22 22
618 6 6
619 21 21
620 10 10
621 13 13
622 7 7
623 24 24
624 2 2
625 5 5
626 2 2
627 4 4
628 8 8
629 4 4
630 4 4
631 4 4
632 2 2
633 3 3
634 3 3
635 6 6
636 11 11
637 7 7
638 2 2
639 8 8
640 8 8
641 9 9
642 3 3
643 3 3
644 12 12
645 5 5
646 9 9
647 3 3
648 2 2
649 12 12
650 5 5
651 5 5
652 8 8
653 4 4
654 3 3
655 2 2
656 8 8
657 3 3
658 2 2
659 15 15
660 16 16
661 6 6
662 6 6
663 14 14
664 3 3
665 6 6
666 14 14
667 14 14
668 2 2
669 26 26
670 6 6
671 3 3
672 12 12
673 9 9
674 7 7
675 2 2
676 4 4
677 2 2
678 2 2
679 6 6
680 2 2
681 3 3
682 2 2
683 8 8
684 55 55
685 7 7
686 12 12
687 2 2
688 4 4
689 2 2
690 8 8
691 3 3
692 4 4
693 2 2
694 8 8
695 2 2
696 3 3
697 2 2
698 9 9
699 5 5
700 7 7
701 5 5
702 2 2
703 6 6
704 2 2
705 5 5
706 26 26
707 6 6
708 9 9
709 2 2
710 3 3
711 2 2
712 4 4
713 5 5
714 14 14
715 7 7
716 4 4
717 2 2
718 2 2
719 4 4
720 6 6
721 32 32
722 5 5
723 3 3
724 2 2
725 3 3
726 3 3
727 2 2
728 2 2
729 2 2
730 14 14
731 2 2
732 4 4
733 2 2
734 6 6
735 4 4
736 6 6
737 7 7
738 3 3
739 8 8
740 3 3
741 8 8
742 58 58
743 6 6
744 5 5
745 2 2
746 2 2
747 7 7
748 2 2
749 4 4
750 9 9
751 6 6
752 11 11
753 5 5
754 3 3
755 19 19
756 3 3
757 3 3
758 3 3
759 2 2
760 2 2
761 2 2
762 2 2
763 2 2
764 3 3
765 5 5
766 2 2
767 13 13
768 3 3
769 8 8
770 99 99
771 7 7
772 7 7
773 6 6
774 4 4
775 11 11
776 2 2
777 12 12
778 4 4
779 3 3
780 2 2
781 3 3
782 3 3
783 8 8
784 6 6
785 7 7
786 100 100
787 4 4
788 3 3
789 12 12
790 2 2
791 34 34
792 6 6
793 6 6
794 6 6
795 6 6
796 6 6
797 5 5
798 8 8
799 3 3
800 2 2
801 2 2
802 5 5
803 2 2
804 7 7
805 2 2
806 5 5
807 3 3
808 2 2
809 2 2
810 5 5
811 5 5
812 3 3
813 6 6
814 3 3
815 3 3
816 2 2
817 3 3
818 2 2
819 2 2
820 4 4
821 2 2
822 20 20
823 3 3
824 4 4
825 2 2
826 5 5
827 2 2
828 4 4
829 3 3
830 2 2
831 6 6
832 7 7
833 50 50
834 6 6
835 5 5
836 5 5
837 4 4
838 4 4
839 7 7
840 3 3
841 2 2
842 4 4
843 39 39
844 7 7
845 4 4
846 5 5
847 6 6
848 3 3
849 4 4
850 3 3
851 4 4
852 5 5
853 3 3
854 2 2
855 3 3
856 3 3
857 2 2
858 2 2
859 2 2
860 3 3
861 3 3
862 3 3
863 2 2
864 7 7
865 3 3
866 7 7
867 6 6
868 4 4
869 3 3
870 6 6
871 4 4
872 3 3
873 3 3
874 4 4
875 3 3
876 3 3
877 3 3
878 2 2
879 6 6
880 3 3
881 7 7
882 12 12
883 4 4
884 4 4
885 3 3
886 2 2
887 55 55
888 3 3
889 5 5
890 4 4
891 4 4
892 25 25
893 5 5
894 5 5
895 5 5
896 2 2
897 4 4
898 5 5
899 8 8
900 3 3
901 21 21
902 10 10
903 7 7
904 2 2
905 2 2
906 2 2
907 4 4
908 2 2
909 2 2
910 2 2
911 3 3
912 3 3
913 2 2
914 2 2
915 2 2
916 5 5
917 3 3
918 11 11
919 8 8
920 3 3
921 2 2
922 2 2
923 5 5
924 4 4
925 4 4
926 3 3
927 5 5
928 2 2
929 4 4
930 3 3
931 3 3
932 2 2
933 5 5
934 2 2
935 2 2
936 2 2
937 5 5
938 5 5
939 4 4
940 3 3
941 2 2
942 4 4
943 2 2
944 4 4
945 3 3
946 2 2
947 4 4
948 2 2
949 2 2
950 3 3
951 3 3
952 2 2
953 4 4
954 2 2
955 2 2
956 3 3
957 2 2
958 3 3
959 2 2
960 11 11
961 5 5
962 2 2
963 2 2
964 2 2
965 3 3
966 3 3
967 5 5
968 2 2
969 3 3
Removing small families ...
Reading sequences ...
Getting intra-families distances ...
