Time kmer calculation: 0.000003 s
Kmer table, number of sequence names: 195642
Kmer table, number of sequences: 195642
Kmer table, number of words: 1024
Time kmer reading: 209.364080 s
___________________
Queue length: 1
 Turn 0 with 195642 sequences
   Ratio of explicative variable: 1.000000
   Distance time: 2383.899328 s
   Number of composantes: 1024 s
   Number of sequences: 195642 s
   Cluster time: 310.514169 s
   Mate pair values: 0.999877 and 0.999762
___________________
Queue length: 2
 Turn 1 with 131936 sequences
   Ratio of explicative variable: 1.000000
   Distance time: 2380.869199 s
   Number of composantes: 1024 s
   Number of sequences: 131936 s
   Cluster time: 298.286183 s
   Mate pair values: 0.999582 and 0.999923
___________________
Queue length: 3
 Turn 2 with 63706 sequences
   Ratio of explicative variable: 1.000000
   Distance time: 1674.556148 s
   Number of composantes: 1024 s
   Number of sequences: 63706 s
   Cluster time: 215.142424 s
   Mate pair values: 0.999704 and 0.926707
___________________
Queue length: 2
 Turn 3 with 68554 sequences
   Ratio of explicative variable: 1.000000
   Distance time: 1894.404533 s
   Number of composantes: 1024 s
   Number of sequences: 68554 s
   Cluster time: 216.592602 s
   Mate pair values: 0.997513 and 0.992702
___________________
Queue length: 3
 Turn 4 with 63382 sequences
   Ratio of explicative variable: 1.000000
   Distance time: 1640.668031 s
   Number of composantes: 1024 s
   Number of sequences: 63382 s
   Cluster time: 165.866915 s
   Mate pair values: 0.996617 and 0.986006
___________________
Queue length: 4
 Turn 5 with 27132 sequences
   Ratio of explicative variable: 1.000000
   Distance time: 387.948357 s
   Number of composantes: 1024 s
   Number of sequences: 27132 s
   Cluster time: 21.144931 s
   Mate pair values: 0.999101 and 0.992422
___________________
Queue length: 5
 Turn 6 with 41422 sequences
   Ratio of explicative variable: 1.000000
   Distance time: 884.518139 s
   Number of composantes: 1024 s
   Number of sequences: 41422 s
   Cluster time: 59.106897 s
   Mate pair values: 0.922293 and 0.998548
___________________
Queue length: 4
 Turn 7 with 26725 sequences
   Ratio of explicative variable: 1.000000
   Distance time: 275.945201 s
   Number of composantes: 1024 s
   Number of sequences: 26725 s
   Cluster time: 19.425438 s
   Mate pair values: 1.000000 and 0.999044
___________________
Queue length: 5
 Turn 8 with 36657 sequences
   Ratio of explicative variable: 1.000000
   Distance time: 566.186827 s
   Number of composantes: 1024 s
   Number of sequences: 36657 s
   Cluster time: 41.015728 s
   Mate pair values: 0.979921 and 0.992567
___________________
Queue length: 6
 Turn 9 with 12669 sequences
   Ratio of explicative variable: 1.000000
   Distance time: 63.526603 s
   Number of composantes: 1024 s
   Number of sequences: 12669 s
   Cluster time: 3.931732 s
   Mate pair values: 0.995676 and 0.995192
___________________
Queue length: 7
 Turn 10 with 14463 sequences
   Ratio of explicative variable: 1.000000
   Distance time: 79.504854 s
   Number of composantes: 1024 s
   Number of sequences: 14463 s
   Cluster time: 4.932663 s
   Mate pair values: 0.804588 and 0.978323
___________________
Queue length: 6
 Turn 11 with 15694 sequences
   Ratio of explicative variable: 1.000000
   Distance time: 85.706230 s
   Number of composantes: 1024 s
   Number of sequences: 15694 s
   Cluster time: 6.007800 s
   Mate pair values: 1.000000 and 0.999848
___________________
Queue length: 7
 Turn 12 with 11031 sequences
   Ratio of explicative variable: 1.000000
   Distance time: 45.913315 s
   Number of composantes: 1024 s
   Number of sequences: 11031 s
   Cluster time: 3.117615 s
   Mate pair values: 0.999610 and 0.999410
___________________
Queue length: 8
 Turn 13 with 24754 sequences
   Ratio of explicative variable: 1.000000
   Distance time: 263.379242 s
   Number of composantes: 1024 s
   Number of sequences: 24754 s
   Cluster time: 16.471614 s
   Mate pair values: 0.997401 and 0.998624
___________________
Queue length: 9
 Turn 14 with 11903 sequences
   Ratio of explicative variable: 1.000000
   Distance time: 63.189213 s
   Number of composantes: 1024 s
   Number of sequences: 11903 s
   Cluster time: 3.665184 s
   Mate pair values: 0.988151 and 0.964859
___________________
Queue length: 10
 Turn 15 with 6656 sequences
   Ratio of explicative variable: 1.000000
   Distance time: 21.783252 s
   Number of composantes: 1024 s
   Number of sequences: 6656 s
   Cluster time: 1.060020 s
   Mate pair values: 0.948018 and 0.979521
___________________
Queue length: 9
 Turn 16 with 6013 sequences
   Ratio of explicative variable: 1.000000
   Distance time: 17.542274 s
   Number of composantes: 1024 s
   Number of sequences: 6013 s
   Cluster time: 0.840965 s
   Mate pair values: 0.976632 and 0.850790
___________________
Queue length: 8
 Turn 17 with 13190 sequences
   Ratio of explicative variable: 1.000000
   Distance time: 83.442924 s
   Number of composantes: 1024 s
   Number of sequences: 13190 s
   Cluster time: 4.080482 s
   Mate pair values: 0.931952 and 0.984773
___________________
Queue length: 7
 Turn 18 with 2504 sequences
   Ratio of explicative variable: 1.000000
   Distance time: 3.944172 s
   Number of composantes: 1024 s
   Number of sequences: 2504 s
   Cluster time: 0.084422 s
   Mate pair values: 0.985192 and 0.985251
___________________
Queue length: 8
 Turn 19 with 8468 sequences
   Ratio of explicative variable: 1.000000
   Distance time: 28.230522 s
   Number of composantes: 1024 s
   Number of sequences: 8468 s
   Cluster time: 1.761508 s
   Mate pair values: 0.999011 and 0.999548
___________________
Queue length: 9
 Turn 20 with 2563 sequences
   Ratio of explicative variable: 1.000000
   Distance time: 3.667515 s
   Number of composantes: 1024 s
   Number of sequences: 2563 s
   Cluster time: 0.075742 s
   Mate pair values: 0.959779 and 0.981467
___________________
Queue length: 10
 Turn 21 with 4359 sequences
   Ratio of explicative variable: 1.000000
   Distance time: 7.199159 s
   Number of composantes: 1024 s
   Number of sequences: 4359 s
   Cluster time: 0.306653 s
   Mate pair values: 1.000000 and 1.000000
___________________
Queue length: 11
 Turn 22 with 20395 sequences
   Ratio of explicative variable: 1.000000
   Distance time: 188.649687 s
   Number of composantes: 1024 s
   Number of sequences: 20395 s
   Cluster time: 10.751498 s
   Mate pair values: 0.973541 and 0.984314
___________________
Queue length: 12
 Turn 23 with 5236 sequences
   Ratio of explicative variable: 1.000000
   Distance time: 12.916483 s
   Number of composantes: 1024 s
   Number of sequences: 5236 s
   Cluster time: 0.586498 s
   Mate pair values: 0.990305 and 0.982736
___________________
Queue length: 13
 Turn 24 with 6667 sequences
   Ratio of explicative variable: 1.000000
   Distance time: 21.736346 s
   Number of composantes: 1024 s
   Number of sequences: 6667 s
   Cluster time: 1.007235 s
   Mate pair values: 0.852706 and 0.975812
___________________
Queue length: 12
 Turn 25 with 1356 sequences
   Ratio of explicative variable: 1.000000
   Distance time: 3.044764 s
   Number of composantes: 1024 s
   Number of sequences: 1356 s
   Cluster time: 0.014881 s
   Mate pair values: 0.993506 and 0.942446
___________________
Queue length: 11
 Turn 26 with 1148 sequences
   Ratio of explicative variable: 1.000000
   Distance time: 2.729350 s
   Number of composantes: 1024 s
   Number of sequences: 1148 s
   Cluster time: 0.010298 s
   Mate pair values: 0.989970 and 0.973510
___________________
Queue length: 12
 Turn 27 with 4425 sequences
   Ratio of explicative variable: 1.000000
   Distance time: 8.179461 s
   Number of composantes: 1024 s
   Number of sequences: 4425 s
   Cluster time: 0.396337 s
   Mate pair values: 0.999287 and 0.999007
___________________
Queue length: 13
 Turn 28 with 4043 sequences
   Ratio of explicative variable: 1.000000
   Distance time: 7.776341 s
   Number of composantes: 1024 s
   Number of sequences: 4043 s
   Cluster time: 0.306300 s
   Mate pair values: 0.998739 and 0.997595
___________________
Queue length: 14
 Turn 29 with 1295 sequences
   Ratio of explicative variable: 1.000000
   Distance time: 3.053992 s
   Number of composantes: 1024 s
   Number of sequences: 1295 s
   Cluster time: 0.013453 s
   Mate pair values: 0.930070 and 0.967294
___________________
Queue length: 13
 Turn 30 with 1268 sequences
   Ratio of explicative variable: 1.000000
   Distance time: 3.046714 s
   Number of composantes: 1024 s
   Number of sequences: 1268 s
   Cluster time: 0.012476 s
   Mate pair values: 1.000000 and 0.998369
___________________
Queue length: 14
 Turn 31 with 3053 sequences
   Ratio of explicative variable: 1.000000
   Distance time: 4.566821 s
   Number of composantes: 1024 s
   Number of sequences: 3053 s
   Cluster time: 0.152397 s
   Mate pair values: 0.998966 and 0.996165
___________________
Queue length: 15
 Turn 32 with 1306 sequences
   Ratio of explicative variable: 1.000000
   Distance time: 3.043582 s
   Number of composantes: 1024 s
   Number of sequences: 1306 s
   Cluster time: 0.017889 s
   Mate pair values: 0.983696 and 0.990716
___________________
Queue length: 16
 Turn 33 with 10455 sequences
   Ratio of explicative variable: 1.000000
   Distance time: 57.449502 s
   Number of composantes: 1024 s
   Number of sequences: 10455 s
   Cluster time: 2.757760 s
   Mate pair values: 0.993843 and 0.992476
___________________
Queue length: 17
 Turn 34 with 9940 sequences
   Ratio of explicative variable: 1.000000
   Distance time: 49.090358 s
   Number of composantes: 1024 s
   Number of sequences: 9940 s
   Cluster time: 2.441781 s
   Mate pair values: 0.994203 and 0.998054
___________________
Queue length: 18
 Turn 35 with 3070 sequences
   Ratio of explicative variable: 1.000000
   Distance time: 4.883514 s
   Number of composantes: 1024 s
   Number of sequences: 3070 s
   Cluster time: 0.158577 s
   Mate pair values: 0.998837 and 0.992760
___________________
Queue length: 19
 Turn 36 with 2166 sequences
   Ratio of explicative variable: 1.000000
   Distance time: 3.454876 s
   Number of composantes: 1024 s
   Number of sequences: 2166 s
   Cluster time: 0.056278 s
   Mate pair values: 0.998914 and 0.987952
___________________
Queue length: 20
 Turn 37 with 151 sequences
   Ratio of explicative variable: 1.000000
   Distance time: 0.040697 s
   Number of composantes: 151 s
   Number of sequences: 151 s
   Cluster time: 0.007337 s
   Mate pair values: 1.000000 and 1.000000
___________________
Queue length: 21
 Turn 38 with 997 sequences
   Ratio of explicative variable: 1.000000
   Distance time: 2.787751 s
   Number of composantes: 997 s
   Number of sequences: 997 s
   Cluster time: 0.007065 s
   Mate pair values: 0.670034 and 0.838571
___________________
Queue length: 20
 Turn 39 with 3022 sequences
   Ratio of explicative variable: 1.000000
   Distance time: 4.914532 s
   Number of composantes: 1024 s
   Number of sequences: 3022 s
   Cluster time: 0.150016 s
   Mate pair values: 0.955351 and 0.967722
___________________
Queue length: 21
 Turn 40 with 1403 sequences
   Ratio of explicative variable: 1.000000
   Distance time: 3.007325 s
   Number of composantes: 1024 s
   Number of sequences: 1403 s
   Cluster time: 0.016519 s
   Mate pair values: 0.970280 and 0.981949
___________________
Queue length: 22
 Turn 41 with 1663 sequences
   Ratio of explicative variable: 1.000000
   Distance time: 3.164492 s
   Number of composantes: 1024 s
   Number of sequences: 1663 s
   Cluster time: 0.025457 s
   Mate pair values: 1.000000 and 1.000000
___________________
Queue length: 23
 Turn 42 with 2380 sequences
   Ratio of explicative variable: 1.000000
   Distance time: 3.548210 s
   Number of composantes: 1024 s
   Number of sequences: 2380 s
   Cluster time: 0.074203 s
   Mate pair values: 0.947856 and 0.926829
___________________
Queue length: 22
 Turn 43 with 1226 sequences
   Ratio of explicative variable: 1.000000
   Distance time: 3.002534 s
   Number of composantes: 1024 s
   Number of sequences: 1226 s
   Cluster time: 0.011424 s
   Mate pair values: 0.990170 and 0.887850
___________________
Queue length: 21
 Turn 44 with 42 sequences
   Ratio of explicative variable: 1.000000
   Distance time: 0.003972 s
   Number of composantes: 42 s
   Number of sequences: 42 s
   Cluster time: 0.002163 s
   Mate pair values: 1.000000 and 1.000000
___________________
Queue length: 22
 Turn 45 with 2086 sequences
   Ratio of explicative variable: 1.000000
   Distance time: 3.302283 s
   Number of composantes: 1024 s
   Number of sequences: 2086 s
   Cluster time: 0.053265 s
   Mate pair values: 0.997644 and 0.987874
___________________
Queue length: 23
 Turn 46 with 967 sequences
   Ratio of explicative variable: 1.000000
   Distance time: 3.049912 s
   Number of composantes: 967 s
   Number of sequences: 967 s
   Cluster time: 0.006486 s
   Mate pair values: 0.911917 and 0.993540
___________________
Queue length: 22
 Turn 47 with 754 sequences
   Ratio of explicative variable: 1.000000
   Distance time: 3.071549 s
   Number of composantes: 754 s
   Number of sequences: 754 s
   Cluster time: 0.003702 s
   Mate pair values: 0.958904 and 0.965368
___________________
Queue length: 23
 Turn 48 with 552 sequences
   Ratio of explicative variable: 1.000000
   Distance time: 1.672952 s
   Number of composantes: 552 s
   Number of sequences: 552 s
   Cluster time: 0.086022 s
   Mate pair values: 0.961538 and 0.993304
___________________
Queue length: 24
 Turn 49 with 8506 sequences
   Ratio of explicative variable: 1.000000
   Distance time: 37.012926 s
   Number of composantes: 1024 s
   Number of sequences: 8506 s
   Cluster time: 1.735870 s
   Mate pair values: 0.973587 and 0.983686
___________________
Queue length: 25
 Turn 50 with 1949 sequences
   Ratio of explicative variable: 1.000000
   Distance time: 3.256176 s
   Number of composantes: 1024 s
   Number of sequences: 1949 s
   Cluster time: 0.042272 s
   Mate pair values: 0.996042 and 0.984047
___________________
Queue length: 26
 Turn 51 with 9250 sequences
   Ratio of explicative variable: 1.000000
   Distance time: 37.828113 s
   Number of composantes: 1024 s
   Number of sequences: 9250 s
   Cluster time: 2.084208 s
   Mate pair values: 0.943833 and 0.991249
___________________
Queue length: 25
 Turn 52 with 690 sequences
   Ratio of explicative variable: 1.000000
   Distance time: 3.112040 s
   Number of composantes: 690 s
   Number of sequences: 690 s
   Cluster time: 0.003171 s
   Mate pair values: 1.000000 and 1.000000
___________________
Queue length: 26
 Turn 53 with 2210 sequences
   Ratio of explicative variable: 1.000000
   Distance time: 3.038814 s
   Number of composantes: 1024 s
   Number of sequences: 2210 s
   Cluster time: 0.058814 s
   Mate pair values: 1.000000 and 0.998981
___________________
Queue length: 27
 Turn 54 with 860 sequences
   Ratio of explicative variable: 1.000000
   Distance time: 3.156085 s
   Number of composantes: 860 s
   Number of sequences: 860 s
   Cluster time: 0.004994 s
   Mate pair values: 1.000000 and 0.997992
___________________
Queue length: 28
 Turn 55 with 1245 sequences
   Ratio of explicative variable: 1.000000
   Distance time: 2.732664 s
   Number of composantes: 1024 s
   Number of sequences: 1245 s
   Cluster time: 0.011523 s
   Mate pair values: 0.951743 and 0.996560
___________________
Queue length: 29
 Turn 56 with 921 sequences
   Ratio of explicative variable: 1.000000
   Distance time: 3.068462 s
   Number of composantes: 921 s
   Number of sequences: 921 s
   Cluster time: 0.005747 s
   Mate pair values: 1.000000 and 0.996933
___________________
Queue length: 30
 Turn 57 with 118 sequences
   Ratio of explicative variable: 1.000000
   Distance time: 0.021568 s
   Number of composantes: 118 s
   Number of sequences: 118 s
   Cluster time: 0.005320 s
   Mate pair values: 0.971429 and 0.963855
___________________
Queue length: 31
 Turn 58 with 33 sequences
   Ratio of explicative variable: 1.000000
   Distance time: 0.002761 s
   Number of composantes: 33 s
   Number of sequences: 33 s
   Cluster time: 0.001773 s
   Mate pair values: 0.500000 and 1.000000
___________________
Queue length: 30
 Turn 59 with 1611 sequences
   Ratio of explicative variable: 1.000000
   Distance time: 3.137705 s
   Number of composantes: 1024 s
   Number of sequences: 1611 s
   Cluster time: 0.023429 s
   Mate pair values: 0.987805 and 0.988278
___________________
Queue length: 31
 Turn 60 with 1411 sequences
   Ratio of explicative variable: 1.000000
   Distance time: 3.049450 s
   Number of composantes: 1024 s
   Number of sequences: 1411 s
   Cluster time: 0.016595 s
   Mate pair values: 1.000000 and 0.999237
___________________
Queue length: 32
 Turn 61 with 831 sequences
   Ratio of explicative variable: 1.000000
   Distance time: 3.161941 s
   Number of composantes: 831 s
   Number of sequences: 831 s
   Cluster time: 0.004886 s
   Mate pair values: 0.962963 and 0.986193
___________________
Queue length: 33
 Turn 62 with 572 sequences
   Ratio of explicative variable: 1.000000
   Distance time: 1.915145 s
   Number of composantes: 572 s
   Number of sequences: 572 s
   Cluster time: 0.095868 s
   Mate pair values: 0.972973 and 0.988785
___________________
Queue length: 34
 Turn 63 with 871 sequences
   Ratio of explicative variable: 1.000000
   Distance time: 3.066878 s
   Number of composantes: 871 s
   Number of sequences: 871 s
   Cluster time: 0.005254 s
   Mate pair values: 0.980620 and 0.955954
___________________
Queue length: 35
 Turn 64 with 792 sequences
   Ratio of explicative variable: 1.000000
   Distance time: 3.070533 s
   Number of composantes: 792 s
   Number of sequences: 792 s
   Cluster time: 0.004691 s
   Mate pair values: 0.720307 and 0.990584
___________________
Queue length: 34
 Turn 65 with 38 sequences
   Ratio of explicative variable: 1.000000
   Distance time: 0.003619 s
   Number of composantes: 38 s
   Number of sequences: 38 s
   Cluster time: 0.002132 s
   Mate pair values: 0.076923 and 1.000000
___________________
Queue length: 33
 Turn 66 with 4 sequences
   Ratio of explicative variable: 1.000000
   Distance time: 0.002189 s
   Number of composantes: 4 s
   Number of sequences: 4 s
   Cluster time: 0.001386 s
   Mate pair values: 1.000000 and 0.000000
___________________
Queue length: 32
 Turn 67 with 1237 sequences
   Ratio of explicative variable: 1.000000
   Distance time: 2.896885 s
   Number of composantes: 1024 s
   Number of sequences: 1237 s
   Cluster time: 0.011957 s
   Mate pair values: 0.952381 and 0.995323
___________________
Queue length: 33
 Turn 68 with 849 sequences
   Ratio of explicative variable: 1.000000
   Distance time: 3.084079 s
   Number of composantes: 849 s
   Number of sequences: 849 s
   Cluster time: 0.004943 s
   Mate pair values: 0.878151 and 0.851064
___________________
Queue length: 32
 Turn 69 with 462 sequences
   Ratio of explicative variable: 1.000000
   Distance time: 0.990975 s
   Number of composantes: 462 s
   Number of sequences: 462 s
   Cluster time: 0.058449 s
   Mate pair values: 0.967480 and 0.979351
___________________
Queue length: 33
 Turn 70 with 292 sequences
   Ratio of explicative variable: 1.000000
   Distance time: 0.255940 s
   Number of composantes: 292 s
   Number of sequences: 292 s
   Cluster time: 0.023327 s
   Mate pair values: 0.895833 and 0.945946
___________________
Queue length: 32
 Turn 71 with 448 sequences
   Ratio of explicative variable: 1.000000
   Distance time: 0.909208 s
   Number of composantes: 448 s
   Number of sequences: 448 s
   Cluster time: 0.056967 s
   Mate pair values: 1.000000 and 1.000000
___________________
Queue length: 33
 Turn 72 with 104 sequences
   Ratio of explicative variable: 1.000000
   Distance time: 0.016190 s
   Number of composantes: 104 s
   Number of sequences: 104 s
   Cluster time: 0.004825 s
   Mate pair values: 0.666667 and 1.000000
___________________
Queue length: 32
 Turn 73 with 4720 sequences
   Ratio of explicative variable: 1.000000
   Distance time: 10.397717 s
   Number of composantes: 1024 s
   Number of sequences: 4720 s
   Cluster time: 0.456662 s
   Mate pair values: 0.948814 and 0.964400
___________________
Queue length: 31
 Turn 74 with 3786 sequences
   Ratio of explicative variable: 1.000000
   Distance time: 6.972241 s
   Number of composantes: 1024 s
   Number of sequences: 3786 s
   Cluster time: 0.276148 s
   Mate pair values: 0.944836 and 0.970348
___________________
Queue length: 30
 Turn 75 with 1191 sequences
   Ratio of explicative variable: 1.000000
   Distance time: 2.907137 s
   Number of composantes: 1024 s
   Number of sequences: 1191 s
   Cluster time: 0.009980 s
   Mate pair values: 0.981481 and 0.990160
___________________
Queue length: 31
 Turn 76 with 758 sequences
   Ratio of explicative variable: 1.000000
   Distance time: 3.117975 s
   Number of composantes: 758 s
   Number of sequences: 758 s
   Cluster time: 0.003856 s
   Mate pair values: 0.982079 and 0.880000
___________________
Queue length: 30
 Turn 77 with 479 sequences
   Ratio of explicative variable: 1.000000
   Distance time: 1.102230 s
   Number of composantes: 479 s
   Number of sequences: 479 s
   Cluster time: 0.063113 s
   Mate pair values: 1.000000 and 1.000000
___________________
Queue length: 31
 Turn 78 with 211 sequences
   Ratio of explicative variable: 1.000000
   Distance time: 0.101618 s
   Number of composantes: 211 s
   Number of sequences: 211 s
   Cluster time: 0.012672 s
   Mate pair values: 0.994764 and 0.800000
___________________
Queue length: 30
 Turn 79 with 1962 sequences
   Ratio of explicative variable: 1.000000
   Distance time: 2.110795 s
   Number of composantes: 1024 s
   Number of sequences: 1962 s
   Cluster time: 0.045341 s
   Mate pair values: 0.987730 and 0.993130
___________________
Queue length: 31
 Turn 80 with 248 sequences
   Ratio of explicative variable: 1.000000
   Distance time: 0.165393 s
   Number of composantes: 248 s
   Number of sequences: 248 s
   Cluster time: 0.016557 s
   Mate pair values: 1.000000 and 0.971831
___________________
Queue length: 32
 Turn 81 with 498 sequences
   Ratio of explicative variable: 1.000000
   Distance time: 1.221692 s
   Number of composantes: 498 s
   Number of sequences: 498 s
   Cluster time: 0.070454 s
   Mate pair values: 1.000000 and 1.000000
___________________
Queue length: 33
 Turn 82 with 362 sequences
   Ratio of explicative variable: 1.000000
   Distance time: 0.493722 s
   Number of composantes: 362 s
   Number of sequences: 362 s
   Cluster time: 0.036233 s
   Mate pair values: 1.000000 and 0.993711
___________________
Queue length: 34
 Turn 83 with 872 sequences
   Ratio of explicative variable: 1.000000
   Distance time: 3.071610 s
   Number of composantes: 872 s
   Number of sequences: 872 s
   Cluster time: 0.005000 s
   Mate pair values: 0.983373 and 0.984479
___________________
Queue length: 35
 Turn 84 with 373 sequences
   Ratio of explicative variable: 1.000000
   Distance time: 0.524375 s
   Number of composantes: 373 s
   Number of sequences: 373 s
   Cluster time: 0.038517 s
   Mate pair values: 1.000000 and 1.000000
___________________
Queue length: 36
 Turn 85 with 652 sequences
   Ratio of explicative variable: 1.000000
   Distance time: 2.791118 s
   Number of composantes: 652 s
   Number of sequences: 652 s
   Cluster time: 0.023683 s
   Mate pair values: 1.000000 and 1.000000
___________________
Queue length: 37
 Turn 86 with 269 sequences
   Ratio of explicative variable: 1.000000
   Distance time: 0.206080 s
   Number of composantes: 269 s
   Number of sequences: 269 s
   Cluster time: 0.019315 s
   Mate pair values: 0.993243 and 1.000000
___________________
Queue length: 38
 Turn 87 with 83 sequences
   Ratio of explicative variable: 1.000000
   Distance time: 0.009274 s
   Number of composantes: 83 s
   Number of sequences: 83 s
   Cluster time: 0.003601 s
   Mate pair values: 0.709677 and 0.942308
___________________
Queue length: 37
 Turn 88 with 35 sequences
   Ratio of explicative variable: 1.000000
   Distance time: 0.002903 s
   Number of composantes: 35 s
   Number of sequences: 35 s
   Cluster time: 0.001885 s
   Mate pair values: 0.687500 and 0.947368
___________________
Queue length: 36
 Turn 89 with 1365 sequences
   Ratio of explicative variable: 1.000000
   Distance time: 2.959302 s
   Number of composantes: 1024 s
   Number of sequences: 1365 s
   Cluster time: 0.015001 s
   Mate pair values: 0.830325 and 0.978860
___________________
Queue length: 35
 Turn 90 with 246 sequences
   Ratio of explicative variable: 1.000000
   Distance time: 0.159716 s
   Number of composantes: 246 s
   Number of sequences: 246 s
   Cluster time: 0.016749 s
   Mate pair values: 0.800000 and 0.985782
___________________
Queue length: 34
 Turn 91 with 1311 sequences
   Ratio of explicative variable: 1.000000
   Distance time: 2.865692 s
   Number of composantes: 1024 s
   Number of sequences: 1311 s
   Cluster time: 0.014748 s
   Mate pair values: 1.000000 and 0.996772
___________________
Queue length: 35
 Turn 92 with 100 sequences
   Ratio of explicative variable: 1.000000
   Distance time: 0.014316 s
   Number of composantes: 100 s
   Number of sequences: 100 s
   Cluster time: 0.004720 s
   Mate pair values: 1.000000 and 1.000000
___________________
Queue length: 36
 Turn 93 with 507 sequences
   Ratio of explicative variable: 1.000000
   Distance time: 1.299893 s
   Number of composantes: 507 s
   Number of sequences: 507 s
   Cluster time: 0.072007 s
   Mate pair values: 1.000000 and 1.000000
___________________
Queue length: 37
 Turn 94 with 324 sequences
   Ratio of explicative variable: 1.000000
   Distance time: 0.347256 s
   Number of composantes: 324 s
   Number of sequences: 324 s
   Cluster time: 0.029521 s
   Mate pair values: 0.947020 and 0.699422
___________________
Queue length: 36
 Turn 95 with 535 sequences
   Ratio of explicative variable: 1.000000
   Distance time: 1.525940 s
   Number of composantes: 535 s
   Number of sequences: 535 s
   Cluster time: 0.082834 s
   Mate pair values: 0.943182 and 0.912752
___________________
Queue length: 35
 Turn 96 with 37 sequences
   Ratio of explicative variable: 1.000000
   Distance time: 0.003462 s
   Number of composantes: 37 s
   Number of sequences: 37 s
   Cluster time: 0.002005 s
   Mate pair values: 1.000000 and 0.700000
___________________
Queue length: 34
 Turn 97 with 613 sequences
   Ratio of explicative variable: 1.000000
   Distance time: 2.265367 s
   Number of composantes: 613 s
   Number of sequences: 613 s
   Cluster time: 0.108364 s
   Mate pair values: 1.000000 and 0.998273
___________________
Queue length: 35
 Turn 98 with 258 sequences
   Ratio of explicative variable: 1.000000
   Distance time: 0.178672 s
   Number of composantes: 258 s
   Number of sequences: 258 s
   Cluster time: 0.018012 s
   Mate pair values: 1.000000 and 1.000000
___________________
Queue length: 36
 Turn 99 with 1069 sequences
   Ratio of explicative variable: 1.000000
   Distance time: 3.022896 s
   Number of composantes: 1024 s
   Number of sequences: 1069 s
   Cluster time: 0.009163 s
   Mate pair values: 0.974684 and 0.956303
___________________
Queue length: 37
 Turn 100 with 168 sequences
   Ratio of explicative variable: 1.000000
   Distance time: 0.054436 s
   Number of composantes: 168 s
   Number of sequences: 168 s
   Cluster time: 0.008779 s
   Mate pair values: 0.980583 and 0.815385
___________________
Queue length: 36
 Turn 101 with 339 sequences
   Ratio of explicative variable: 1.000000
   Distance time: 0.398861 s
   Number of composantes: 339 s
   Number of sequences: 339 s
   Cluster time: 0.032753 s
   Mate pair values: 0.916667 and 0.980198
___________________
Queue length: 35
 Turn 102 with 123 sequences
   Ratio of explicative variable: 1.000000
   Distance time: 0.023977 s
   Number of composantes: 123 s
   Number of sequences: 123 s
   Cluster time: 0.005374 s
   Mate pair values: 0.857143 and 1.000000
___________________
Queue length: 34
 Turn 103 with 416 sequences
   Ratio of explicative variable: 1.000000
   Distance time: 0.746796 s
   Number of composantes: 416 s
   Number of sequences: 416 s
   Cluster time: 0.050653 s
   Mate pair values: 0.920000 and 0.982097
___________________
Queue length: 33
 Turn 104 with 32 sequences
   Ratio of explicative variable: 1.000000
   Distance time: 0.002909 s
   Number of composantes: 32 s
   Number of sequences: 32 s
   Cluster time: 0.001841 s
   Mate pair values: 1.000000 and 1.000000
___________________
Queue length: 34
 Turn 105 with 813 sequences
   Ratio of explicative variable: 1.000000
   Distance time: 3.126108 s
   Number of composantes: 813 s
   Number of sequences: 813 s
   Cluster time: 0.004379 s
   Mate pair values: 1.000000 and 1.000000
___________________
Queue length: 35
 Turn 106 with 378 sequences
   Ratio of explicative variable: 1.000000
   Distance time: 0.548877 s
   Number of composantes: 378 s
   Number of sequences: 378 s
   Cluster time: 0.039926 s
   Mate pair values: 0.986207 and 0.982833
___________________
Queue length: 36
 Turn 107 with 221 sequences
   Ratio of explicative variable: 1.000000
   Distance time: 0.119677 s
   Number of composantes: 221 s
   Number of sequences: 221 s
   Cluster time: 0.013755 s
   Mate pair values: 0.975000 and 0.983425
___________________
Queue length: 37
 Turn 108 with 258 sequences
   Ratio of explicative variable: 1.000000
   Distance time: 0.179149 s
   Number of composantes: 258 s
   Number of sequences: 258 s
   Cluster time: 0.018226 s
   Mate pair values: 0.900000 and 0.946429
___________________
Queue length: 36
 Turn 109 with 1310 sequences
   Ratio of explicative variable: 1.000000
   Distance time: 2.920246 s
   Number of composantes: 1024 s
   Number of sequences: 1310 s
   Cluster time: 0.013409 s
   Mate pair values: 0.857820 and 0.995569
___________________
Queue length: 35
 Turn 110 with 652 sequences
   Ratio of explicative variable: 1.000000
   Distance time: 2.746127 s
   Number of composantes: 652 s
   Number of sequences: 652 s
   Cluster time: 0.122704 s
   Mate pair values: 1.000000 and 0.995708
___________________
Queue length: 36
 Turn 111 with 71 sequences
   Ratio of explicative variable: 1.000000
   Distance time: 0.007064 s
   Number of composantes: 71 s
   Number of sequences: 71 s
   Cluster time: 0.003191 s
   Mate pair values: 1.000000 and 1.000000
___________________
Queue length: 37
 Turn 112 with 177 sequences
   Ratio of explicative variable: 1.000000
   Distance time: 0.063747 s
   Number of composantes: 177 s
   Number of sequences: 177 s
   Cluster time: 0.009402 s
   Mate pair values: 1.000000 and 0.939655
___________________
Queue length: 36
 Turn 113 with 81 sequences
   Ratio of explicative variable: 1.000000
   Distance time: 0.008848 s
   Number of composantes: 81 s
   Number of sequences: 81 s
   Cluster time: 0.003210 s
   Mate pair values: 1.000000 and 1.000000
___________________
Queue length: 37
 Turn 114 with 417 sequences
   Ratio of explicative variable: 1.000000
   Distance time: 0.735778 s
   Number of composantes: 417 s
   Number of sequences: 417 s
   Cluster time: 0.047821 s
   Mate pair values: 0.960630 and 0.948276
___________________
Queue length: 36
 Turn 115 with 318 sequences
   Ratio of explicative variable: 1.000000
   Distance time: 0.333538 s
   Number of composantes: 318 s
   Number of sequences: 318 s
   Cluster time: 0.026886 s
   Mate pair values: 1.000000 and 0.945946
___________________
Queue length: 35
 Turn 116 with 44 sequences
   Ratio of explicative variable: 1.000000
   Distance time: 0.003420 s
   Number of composantes: 44 s
   Number of sequences: 44 s
   Cluster time: 0.001986 s
   Mate pair values: 1.000000 and 1.000000
___________________
Queue length: 36
 Turn 117 with 451 sequences
   Ratio of explicative variable: 1.000000
   Distance time: 0.912531 s
   Number of composantes: 451 s
   Number of sequences: 451 s
   Cluster time: 0.055691 s
   Mate pair values: 0.996139 and 0.989583
___________________
Queue length: 37
 Turn 118 with 421 sequences
   Ratio of explicative variable: 1.000000
   Distance time: 0.739145 s
   Number of composantes: 421 s
   Number of sequences: 421 s
   Cluster time: 0.048737 s
   Mate pair values: 0.986726 and 0.933333
___________________
Queue length: 36
 Turn 119 with 121 sequences
   Ratio of explicative variable: 1.000000
   Distance time: 0.023050 s
   Number of composantes: 121 s
   Number of sequences: 121 s
   Cluster time: 0.005209 s
   Mate pair values: 0.987179 and 1.000000
___________________
Queue length: 37
 Turn 120 with 252 sequences
   Ratio of explicative variable: 1.000000
   Distance time: 0.173810 s
   Number of composantes: 252 s
   Number of sequences: 252 s
   Cluster time: 0.017522 s
   Mate pair values: 0.678571 and 0.971429
___________________
Queue length: 36
 Turn 121 with 282 sequences
   Ratio of explicative variable: 1.000000
   Distance time: 0.240138 s
   Number of composantes: 282 s
   Number of sequences: 282 s
   Cluster time: 0.021260 s
   Mate pair values: 1.000000 and 1.000000
___________________
Queue length: 37
 Turn 122 with 370 sequences
   Ratio of explicative variable: 1.000000
   Distance time: 0.519520 s
   Number of composantes: 370 s
   Number of sequences: 370 s
   Cluster time: 0.039622 s
   Mate pair values: 0.943396 and 0.996212
___________________
Queue length: 36
 Turn 123 with 121 sequences
   Ratio of explicative variable: 1.000000
   Distance time: 0.022907 s
   Number of composantes: 121 s
   Number of sequences: 121 s
   Cluster time: 0.005207 s
   Mate pair values: 1.000000 and 1.000000
___________________
Queue length: 37
 Turn 124 with 148 sequences
   Ratio of explicative variable: 1.000000
   Distance time: 0.038952 s
   Number of composantes: 148 s
   Number of sequences: 148 s
   Cluster time: 0.007383 s
   Mate pair values: 0.865385 and 0.979167
___________________
Queue length: 36
 Turn 125 with 1239 sequences
   Ratio of explicative variable: 1.000000
   Distance time: 3.035295 s
   Number of composantes: 1024 s
   Number of sequences: 1239 s
   Cluster time: 0.012383 s
   Mate pair values: 0.863636 and 0.995656
___________________
Queue length: 35
 Turn 126 with 72 sequences
   Ratio of explicative variable: 1.000000
   Distance time: 0.007266 s
   Number of composantes: 72 s
   Number of sequences: 72 s
   Cluster time: 0.003077 s
   Mate pair values: 0.733333 and 0.964912
___________________
Queue length: 34
 Turn 127 with 96 sequences
   Ratio of explicative variable: 1.000000
   Distance time: 0.012843 s
   Number of composantes: 96 s
   Number of sequences: 96 s
   Cluster time: 0.003953 s
   Mate pair values: 0.947368 and 0.487179
___________________
Queue length: 33
 Turn 128 with 4 sequences
   Ratio of explicative variable: 1.000000
   Distance time: 0.002133 s
   Number of composantes: 4 s
   Number of sequences: 4 s
   Cluster time: 0.001262 s
   Mate pair values: 1.000000 and 0.000000
___________________
Queue length: 32
 Turn 129 with 479 sequences
   Ratio of explicative variable: 1.000000
   Distance time: 1.107818 s
   Number of composantes: 479 s
   Number of sequences: 479 s
   Cluster time: 0.069707 s
   Mate pair values: 0.925926 and 0.858044
___________________
Queue length: 31
 Turn 130 with 28 sequences
   Ratio of explicative variable: 1.000000
   Distance time: 0.003072 s
   Number of composantes: 28 s
   Number of sequences: 28 s
   Cluster time: 0.001788 s
   Mate pair values: 1.000000 and 0.833333
___________________
Queue length: 30
 Turn 131 with 579 sequences
   Ratio of explicative variable: 1.000000
   Distance time: 1.908570 s
   Number of composantes: 579 s
   Number of sequences: 579 s
   Cluster time: 0.093853 s
   Mate pair values: 1.000000 and 0.992453
___________________
Queue length: 31
 Turn 132 with 34 sequences
   Ratio of explicative variable: 1.000000
   Distance time: 0.003073 s
   Number of composantes: 34 s
   Number of sequences: 34 s
   Cluster time: 0.001978 s
   Mate pair values: 1.000000 and 1.000000
___________________
Queue length: 32
 Turn 133 with 21 sequences
   Ratio of explicative variable: 1.000000
   Distance time: 0.002405 s
   Number of composantes: 21 s
   Number of sequences: 21 s
   Cluster time: 0.001628 s
   Mate pair values: 1.000000 and 1.000000
___________________
Queue length: 33
 Turn 134 with 237 sequences
   Ratio of explicative variable: 1.000000
   Distance time: 0.145547 s
   Number of composantes: 237 s
   Number of sequences: 237 s
   Cluster time: 0.015635 s
   Mate pair values: 0.700000 and 0.989305
___________________
Queue length: 32
 Turn 135 with 595 sequences
   Ratio of explicative variable: 1.000000
   Distance time: 2.081235 s
   Number of composantes: 595 s
   Number of sequences: 595 s
   Cluster time: 0.100674 s
   Mate pair values: 0.974684 and 0.997712
___________________
Queue length: 33
 Turn 136 with 474 sequences
   Ratio of explicative variable: 1.000000
   Distance time: 1.066536 s
   Number of composantes: 474 s
   Number of sequences: 474 s
   Cluster time: 0.064538 s
   Mate pair values: 0.960526 and 0.987578
___________________
Queue length: 34
 Turn 137 with 23 sequences
   Ratio of explicative variable: 1.000000
   Distance time: 0.002815 s
   Number of composantes: 23 s
   Number of sequences: 23 s
   Cluster time: 0.002007 s
   Mate pair values: 1.000000 and 0.947368
___________________
Queue length: 33
 Turn 138 with 9 sequences
   Ratio of explicative variable: 1.000000
   Distance time: 0.002182 s
   Number of composantes: 9 s
   Number of sequences: 9 s
   Cluster time: 0.001380 s
   Mate pair values: 0.000000 and 1.000000
___________________
Queue length: 32
 Turn 139 with 735 sequences
   Ratio of explicative variable: 1.000000
   Distance time: 3.134333 s
   Number of composantes: 735 s
   Number of sequences: 735 s
   Cluster time: 0.003477 s
   Mate pair values: 0.986842 and 0.998483
___________________
Queue length: 33
 Turn 140 with 78 sequences
   Ratio of explicative variable: 1.000000
   Distance time: 0.008693 s
   Number of composantes: 78 s
   Number of sequences: 78 s
   Cluster time: 0.003281 s
   Mate pair values: 1.000000 and 0.956522
___________________
Queue length: 34
 Turn 141 with 233 sequences
   Ratio of explicative variable: 1.000000
   Distance time: 0.138086 s
   Number of composantes: 233 s
   Number of sequences: 233 s
   Cluster time: 0.015044 s
   Mate pair values: 0.960000 and 0.966346
___________________
Queue length: 35
 Turn 142 with 145 sequences
   Ratio of explicative variable: 1.000000
   Distance time: 0.038514 s
   Number of composantes: 145 s
   Number of sequences: 145 s
   Cluster time: 0.007024 s
   Mate pair values: 1.000000 and 0.992537
___________________
Queue length: 36
 Turn 143 with 181 sequences
   Ratio of explicative variable: 1.000000
   Distance time: 0.070010 s
   Number of composantes: 181 s
   Number of sequences: 181 s
   Cluster time: 0.010428 s
   Mate pair values: 0.972477 and 0.847222
___________________
Queue length: 35
 Turn 144 with 40 sequences
   Ratio of explicative variable: 1.000000
   Distance time: 0.003361 s
   Number of composantes: 40 s
   Number of sequences: 40 s
   Cluster time: 0.002016 s
   Mate pair values: 1.000000 and 0.892857
___________________
Queue length: 34
 Turn 145 with 466 sequences
   Ratio of explicative variable: 1.000000
   Distance time: 1.035409 s
   Number of composantes: 466 s
   Number of sequences: 466 s
   Cluster time: 0.063303 s
   Mate pair values: 0.989362 and 0.997312
___________________
Queue length: 35
 Turn 146 with 186 sequences
   Ratio of explicative variable: 1.000000
   Distance time: 0.072895 s
   Number of composantes: 186 s
   Number of sequences: 186 s
   Cluster time: 0.010296 s
   Mate pair values: 1.000000 and 0.984496
___________________
Queue length: 36
 Turn 147 with 45 sequences
   Ratio of explicative variable: 1.000000
   Distance time: 0.003517 s
   Number of composantes: 45 s
   Number of sequences: 45 s
   Cluster time: 0.002042 s
   Mate pair values: 1.000000 and 1.000000
___________________
Queue length: 37
 Turn 148 with 26 sequences
   Ratio of explicative variable: 1.000000
   Distance time: 0.002495 s
   Number of composantes: 26 s
   Number of sequences: 26 s
   Cluster time: 0.001670 s
   Mate pair values: 1.000000 and 1.000000
___________________
Queue length: 38
 Turn 149 with 37 sequences
   Ratio of explicative variable: 1.000000
   Distance time: 0.002949 s
   Number of composantes: 37 s
   Number of sequences: 37 s
   Cluster time: 0.001829 s
   Mate pair values: 1.000000 and 1.000000
___________________
Queue length: 39
 Turn 150 with 44 sequences
   Ratio of explicative variable: 1.000000
   Distance time: 0.003444 s
   Number of composantes: 44 s
   Number of sequences: 44 s
   Cluster time: 0.002116 s
   Mate pair values: 1.000000 and 1.000000
___________________
Queue length: 40
 Turn 151 with 41 sequences
   Ratio of explicative variable: 1.000000
   Distance time: 0.003192 s
   Number of composantes: 41 s
   Number of sequences: 41 s
   Cluster time: 0.001954 s
   Mate pair values: 1.000000 and 0.961538
___________________
Queue length: 41
 Turn 152 with 3 sequences
   Ratio of explicative variable: 1.000000
   Distance time: 0.002118 s
   Number of composantes: 3 s
   Number of sequences: 3 s
   Cluster time: 0.001286 s
   Mate pair values: 0.000000 and 0.000000
___________________
Queue length: 40
 Turn 153 with 192 sequences
   Ratio of explicative variable: 1.000000
   Distance time: 0.080188 s
   Number of composantes: 192 s
   Number of sequences: 192 s
   Cluster time: 0.011081 s
   Mate pair values: 0.974359 and 1.000000
___________________
Queue length: 41
 Turn 154 with 259 sequences
   Ratio of explicative variable: 1.000000
   Distance time: 0.181209 s
   Number of composantes: 259 s
   Number of sequences: 259 s
   Cluster time: 0.018799 s
   Mate pair values: 0.941558 and 0.800000
___________________
Queue length: 40
 Turn 155 with 43 sequences
   Ratio of explicative variable: 1.000000
   Distance time: 0.003377 s
   Number of composantes: 43 s
   Number of sequences: 43 s
   Cluster time: 0.002046 s
   Mate pair values: 0.933333 and 1.000000
___________________
Queue length: 39
 Turn 156 with 78 sequences
   Ratio of explicative variable: 1.000000
   Distance time: 0.008146 s
   Number of composantes: 78 s
   Number of sequences: 78 s
   Cluster time: 0.003295 s
   Mate pair values: 0.916667 and 0.981481
___________________
Queue length: 38
 Turn 157 with 190 sequences
   Ratio of explicative variable: 1.000000
   Distance time: 0.076882 s
   Number of composantes: 190 s
   Number of sequences: 190 s
   Cluster time: 0.010911 s
   Mate pair values: 1.000000 and 0.994186
___________________
Queue length: 39
 Turn 158 with 92 sequences
   Ratio of explicative variable: 1.000000
   Distance time: 0.011643 s
   Number of composantes: 92 s
   Number of sequences: 92 s
   Cluster time: 0.003765 s
   Mate pair values: 1.000000 and 1.000000
___________________
Queue length: 40
 Turn 159 with 41 sequences
   Ratio of explicative variable: 1.000000
   Distance time: 0.003168 s
   Number of composantes: 41 s
   Number of sequences: 41 s
   Cluster time: 0.001942 s
   Mate pair values: 1.000000 and 1.000000
___________________
Queue length: 41
 Turn 160 with 80 sequences
   Ratio of explicative variable: 1.000000
   Distance time: 0.008615 s
   Number of composantes: 80 s
   Number of sequences: 80 s
   Cluster time: 0.003160 s
   Mate pair values: 0.976190 and 1.000000
___________________
Queue length: 42
 Turn 161 with 530 sequences
   Ratio of explicative variable: 1.000000
   Distance time: 1.469660 s
   Number of composantes: 530 s
   Number of sequences: 530 s
   Cluster time: 0.078294 s
   Mate pair values: 0.986486 and 0.930233
___________________
Queue length: 41
 Turn 162 with 49 sequences
   Ratio of explicative variable: 1.000000
   Distance time: 0.004690 s
   Number of composantes: 49 s
   Number of sequences: 49 s
   Cluster time: 0.002501 s
   Mate pair values: 1.000000 and 0.974359
___________________
Queue length: 42
 Turn 163 with 13 sequences
   Ratio of explicative variable: 1.000000
   Distance time: 0.002295 s
   Number of composantes: 13 s
   Number of sequences: 13 s
   Cluster time: 0.001513 s
   Mate pair values: 1.000000 and 0.833333
___________________
Queue length: 41
 Turn 164 with 21 sequences
   Ratio of explicative variable: 1.000000
   Distance time: 0.002558 s
   Number of composantes: 21 s
   Number of sequences: 21 s
   Cluster time: 0.001546 s
   Mate pair values: 0.777778 and 1.000000
___________________
Queue length: 40
 Turn 165 with 14 sequences
   Ratio of explicative variable: 1.000000
   Distance time: 0.002249 s
   Number of composantes: 14 s
   Number of sequences: 14 s
   Cluster time: 0.001513 s
   Mate pair values: 1.000000 and 0.909091
___________________
Queue length: 39
 Turn 166 with 7 sequences
   Ratio of explicative variable: 1.000000
   Distance time: 0.002100 s
   Number of composantes: 7 s
   Number of sequences: 7 s
   Cluster time: 0.001313 s
   Mate pair values: 1.000000 and 0.000000
___________________
Queue length: 38
 Turn 167 with 437 sequences
   Ratio of explicative variable: 1.000000
   Distance time: 0.858380 s
   Number of composantes: 437 s
   Number of sequences: 437 s
   Cluster time: 0.054401 s
   Mate pair values: 0.985714 and 0.983651
___________________
Queue length: 39
 Turn 168 with 158 sequences
   Ratio of explicative variable: 1.000000
   Distance time: 0.046678 s
   Number of composantes: 158 s
   Number of sequences: 158 s
   Cluster time: 0.008134 s
   Mate pair values: 0.986301 and 0.870588
___________________
Queue length: 38
 Turn 169 with 322 sequences
   Ratio of explicative variable: 1.000000
   Distance time: 0.339465 s
   Number of composantes: 322 s
   Number of sequences: 322 s
   Cluster time: 0.028573 s
   Mate pair values: 1.000000 and 0.956693
___________________
Queue length: 39
 Turn 170 with 152 sequences
   Ratio of explicative variable: 1.000000
   Distance time: 0.041542 s
   Number of composantes: 152 s
   Number of sequences: 152 s
   Cluster time: 0.007562 s
   Mate pair values: 1.000000 and 1.000000
___________________
Queue length: 40
 Turn 171 with 659 sequences
   Ratio of explicative variable: 1.000000
   Distance time: 2.852083 s
   Number of composantes: 659 s
   Number of sequences: 659 s
   Cluster time: 0.126395 s
   Mate pair values: 0.956284 and 0.991597
___________________
Queue length: 41
 Turn 172 with 76 sequences
   Ratio of explicative variable: 1.000000
   Distance time: 0.008131 s
   Number of composantes: 76 s
   Number of sequences: 76 s
   Cluster time: 0.003148 s
   Mate pair values: 1.000000 and 0.923077
___________________
Queue length: 40
 Turn 173 with 46 sequences
   Ratio of explicative variable: 1.000000
   Distance time: 0.003659 s
   Number of composantes: 46 s
   Number of sequences: 46 s
   Cluster time: 0.002113 s
   Mate pair values: 1.000000 and 0.833333
___________________
Queue length: 39
 Turn 174 with 32 sequences
   Ratio of explicative variable: 1.000000
   Distance time: 0.002766 s
   Number of composantes: 32 s
   Number of sequences: 32 s
   Cluster time: 0.001868 s
   Mate pair values: 1.000000 and 1.000000
___________________
Queue length: 40
 Turn 175 with 208 sequences
   Ratio of explicative variable: 1.000000
   Distance time: 0.100288 s
   Number of composantes: 208 s
   Number of sequences: 208 s
   Cluster time: 0.012165 s
   Mate pair values: 1.000000 and 1.000000
___________________
Queue length: 41
 Turn 176 with 25 sequences
   Ratio of explicative variable: 1.000000
   Distance time: 0.002442 s
   Number of composantes: 25 s
   Number of sequences: 25 s
   Cluster time: 0.001616 s
   Mate pair values: 1.000000 and 1.000000
___________________
Queue length: 42
 Turn 177 with 134 sequences
   Ratio of explicative variable: 1.000000
   Distance time: 0.030759 s
   Number of composantes: 134 s
   Number of sequences: 134 s
   Cluster time: 0.006394 s
   Mate pair values: 0.736842 and 0.989583
___________________
Queue length: 41
 Turn 178 with 11 sequences
   Ratio of explicative variable: 1.000000
   Distance time: 0.002266 s
   Number of composantes: 11 s
   Number of sequences: 11 s
   Cluster time: 0.001476 s
   Mate pair values: 1.000000 and 0.500000
___________________
Queue length: 40
 Turn 179 with 372 sequences
   Ratio of explicative variable: 1.000000
   Distance time: 0.520443 s
   Number of composantes: 372 s
   Number of sequences: 372 s
   Cluster time: 0.038941 s
   Mate pair values: 0.974359 and 0.986395
___________________
Queue length: 41
 Turn 180 with 94 sequences
   Ratio of explicative variable: 1.000000
   Distance time: 0.012783 s
   Number of composantes: 94 s
   Number of sequences: 94 s
   Cluster time: 0.003955 s
   Mate pair values: 0.906977 and 0.705882
___________________
Queue length: 40
 Turn 181 with 129 sequences
   Ratio of explicative variable: 1.000000
   Distance time: 0.027311 s
   Number of composantes: 129 s
   Number of sequences: 129 s
   Cluster time: 0.005692 s
   Mate pair values: 1.000000 and 1.000000
___________________
Queue length: 41
 Turn 182 with 57 sequences
   Ratio of explicative variable: 1.000000
   Distance time: 0.004648 s
   Number of composantes: 57 s
   Number of sequences: 57 s
   Cluster time: 0.002370 s
   Mate pair values: 0.863636 and 1.000000
___________________
Queue length: 40
 Turn 183 with 27 sequences
   Ratio of explicative variable: 1.000000
   Distance time: 0.002536 s
   Number of composantes: 27 s
   Number of sequences: 27 s
   Cluster time: 0.001661 s
   Mate pair values: 1.000000 and 1.000000
___________________
Queue length: 41
 Turn 184 with 18 sequences
   Ratio of explicative variable: 1.000000
   Distance time: 0.002235 s
   Number of composantes: 18 s
   Number of sequences: 18 s
   Cluster time: 0.001503 s
   Mate pair values: 1.000000 and 0.818182
___________________
Queue length: 40
 Turn 185 with 21 sequences
   Ratio of explicative variable: 1.000000
   Distance time: 0.002324 s
   Number of composantes: 21 s
   Number of sequences: 21 s
   Cluster time: 0.001569 s
   Mate pair values: 1.000000 and 1.000000
___________________
Queue length: 41
 Turn 186 with 5 sequences
   Ratio of explicative variable: 1.000000
   Distance time: 0.002041 s
   Number of composantes: 5 s
   Number of sequences: 5 s
   Cluster time: 0.001301 s
   Mate pair values: 1.000000 and 1.000000
___________________
Queue length: 42
 Turn 187 with 21 sequences
   Ratio of explicative variable: 1.000000
   Distance time: 0.002293 s
   Number of composantes: 21 s
   Number of sequences: 21 s
   Cluster time: 0.001561 s
   Mate pair values: 1.000000 and 0.875000
___________________
Queue length: 41
 Turn 188 with 16 sequences
   Ratio of explicative variable: 1.000000
   Distance time: 0.002227 s
   Number of composantes: 16 s
   Number of sequences: 16 s
   Cluster time: 0.001468 s
   Mate pair values: 1.000000 and 1.000000
___________________
Queue length: 42
 Turn 189 with 41 sequences
   Ratio of explicative variable: 1.000000
   Distance time: 0.003228 s
   Number of composantes: 41 s
   Number of sequences: 41 s
   Cluster time: 0.001939 s
   Mate pair values: 0.750000 and 1.000000
___________________
Queue length: 41
 Turn 190 with 3 sequences
   Ratio of explicative variable: 1.000000
   Distance time: 0.002116 s
   Number of composantes: 3 s
   Number of sequences: 3 s
   Cluster time: 0.001310 s
   Mate pair values: 0.000000 and 0.000000
___________________
Queue length: 40
 Turn 191 with 26 sequences
   Ratio of explicative variable: 1.000000
   Distance time: 0.002693 s
   Number of composantes: 26 s
   Number of sequences: 26 s
   Cluster time: 0.001658 s
   Mate pair values: 1.000000 and 0.500000
___________________
Queue length: 39
 Turn 192 with 15 sequences
   Ratio of explicative variable: 1.000000
   Distance time: 0.002198 s
   Number of composantes: 15 s
   Number of sequences: 15 s
   Cluster time: 0.001447 s
   Mate pair values: 1.000000 and 0.000000
___________________
Queue length: 38
 Turn 193 with 153 sequences
   Ratio of explicative variable: 1.000000
   Distance time: 0.041810 s
   Number of composantes: 153 s
   Number of sequences: 153 s
   Cluster time: 0.007292 s
   Mate pair values: 1.000000 and 1.000000
___________________
Queue length: 39
 Turn 194 with 39 sequences
   Ratio of explicative variable: 1.000000
   Distance time: 0.003077 s
   Number of composantes: 39 s
   Number of sequences: 39 s
   Cluster time: 0.001874 s
   Mate pair values: 1.000000 and 1.000000
___________________
Queue length: 40
 Turn 195 with 172 sequences
   Ratio of explicative variable: 1.000000
   Distance time: 0.057751 s
   Number of composantes: 172 s
   Number of sequences: 172 s
   Cluster time: 0.008859 s
   Mate pair values: 0.878049 and 1.000000
___________________
Queue length: 39
 Turn 196 with 18 sequences
   Ratio of explicative variable: 1.000000
   Distance time: 0.002272 s
   Number of composantes: 18 s
   Number of sequences: 18 s
   Cluster time: 0.001540 s
   Mate pair values: 1.000000 and 1.000000
___________________
Queue length: 40
 Turn 197 with 85 sequences
   Ratio of explicative variable: 1.000000
   Distance time: 0.009490 s
   Number of composantes: 85 s
   Number of sequences: 85 s
   Cluster time: 0.003596 s
   Mate pair values: 1.000000 and 0.971429
___________________
Queue length: 41
 Turn 198 with 7 sequences
   Ratio of explicative variable: 1.000000
   Distance time: 0.002129 s
   Number of composantes: 7 s
   Number of sequences: 7 s
   Cluster time: 0.001303 s
   Mate pair values: 1.000000 and 0.800000
___________________
Queue length: 40
 Turn 199 with 28 sequences
   Ratio of explicative variable: 1.000000
   Distance time: 0.002573 s
   Number of composantes: 28 s
   Number of sequences: 28 s
   Cluster time: 0.001665 s
   Mate pair values: 1.000000 and 1.000000
___________________
Queue length: 41
 Turn 200 with 13 sequences
   Ratio of explicative variable: 1.000000
   Distance time: 0.002162 s
   Number of composantes: 13 s
   Number of sequences: 13 s
   Cluster time: 0.001423 s
   Mate pair values: 1.000000 and 1.000000
___________________
Queue length: 42
 Turn 201 with 38 sequences
   Ratio of explicative variable: 1.000000
   Distance time: 0.002957 s
   Number of composantes: 38 s
   Number of sequences: 38 s
   Cluster time: 0.001821 s
   Mate pair values: 1.000000 and 1.000000
___________________
Queue length: 43
 Turn 202 with 42 sequences
   Ratio of explicative variable: 1.000000
   Distance time: 0.003230 s
   Number of composantes: 42 s
   Number of sequences: 42 s
   Cluster time: 0.001998 s
   Mate pair values: 0.875000 and 1.000000
___________________
Queue length: 42
 Turn 203 with 39 sequences
   Ratio of explicative variable: 1.000000
   Distance time: 0.003034 s
   Number of composantes: 39 s
   Number of sequences: 39 s
   Cluster time: 0.001861 s
   Mate pair values: 1.000000 and 1.000000
___________________
Queue length: 43
 Turn 204 with 10 sequences
   Ratio of explicative variable: 1.000000
   Distance time: 0.002162 s
   Number of composantes: 10 s
   Number of sequences: 10 s
   Cluster time: 0.001345 s
   Mate pair values: 1.000000 and 1.000000
___________________
Queue length: 44
 Turn 205 with 367 sequences
   Ratio of explicative variable: 1.000000
   Distance time: 0.513415 s
   Number of composantes: 367 s
   Number of sequences: 367 s
   Cluster time: 0.039146 s
   Mate pair values: 0.910714 and 0.914573
___________________
Queue length: 43
 Turn 206 with 70 sequences
   Ratio of explicative variable: 1.000000
   Distance time: 0.006762 s
   Number of composantes: 70 s
   Number of sequences: 70 s
   Cluster time: 0.002893 s
   Mate pair values: 0.870968 and 0.948718
___________________
Queue length: 42
 Turn 207 with 254 sequences
   Ratio of explicative variable: 1.000000
   Distance time: 0.177767 s
   Number of composantes: 254 s
   Number of sequences: 254 s
   Cluster time: 0.018071 s
   Mate pair values: 0.946903 and 1.000000
___________________
Queue length: 41
 Turn 208 with 68 sequences
   Ratio of explicative variable: 1.000000
   Distance time: 0.006352 s
   Number of composantes: 68 s
   Number of sequences: 68 s
   Cluster time: 0.002883 s
   Mate pair values: 0.954545 and 1.000000
___________________
Queue length: 42
 Turn 209 with 135 sequences
   Ratio of explicative variable: 1.000000
   Distance time: 0.029836 s
   Number of composantes: 135 s
   Number of sequences: 135 s
   Cluster time: 0.006127 s
   Mate pair values: 0.892308 and 0.971429
___________________
Queue length: 41
 Turn 210 with 17 sequences
   Ratio of explicative variable: 1.000000
   Distance time: 0.002254 s
   Number of composantes: 17 s
   Number of sequences: 17 s
   Cluster time: 0.001458 s
   Mate pair values: 0.875000 and 1.000000
___________________
Queue length: 40
 Turn 211 with 476 sequences
   Ratio of explicative variable: 1.000000
   Distance time: 1.098824 s
   Number of composantes: 476 s
   Number of sequences: 476 s
   Cluster time: 0.064916 s
   Mate pair values: 0.981567 and 0.911197
___________________
Queue length: 39
 Turn 212 with 183 sequences
   Ratio of explicative variable: 1.000000
   Distance time: 0.068771 s
   Number of composantes: 183 s
   Number of sequences: 183 s
   Cluster time: 0.009963 s
   Mate pair values: 1.000000 and 1.000000
___________________
Queue length: 40
 Turn 213 with 29 sequences
   Ratio of explicative variable: 1.000000
   Distance time: 0.002626 s
   Number of composantes: 29 s
   Number of sequences: 29 s
   Cluster time: 0.001699 s
   Mate pair values: 0.875000 and 0.952381
___________________
Queue length: 39
 Turn 214 with 3 sequences
   Ratio of explicative variable: 1.000000
   Distance time: 0.002068 s
   Number of composantes: 3 s
   Number of sequences: 3 s
   Cluster time: 0.001302 s
   Mate pair values: 0.000000 and 0.000000
___________________
Queue length: 38
 Turn 215 with 190 sequences
   Ratio of explicative variable: 1.000000
   Distance time: 0.076887 s
   Number of composantes: 190 s
   Number of sequences: 190 s
   Cluster time: 0.010338 s
   Mate pair values: 0.952381 and 0.994083
___________________
Queue length: 39
 Turn 216 with 18 sequences
   Ratio of explicative variable: 1.000000
   Distance time: 0.002215 s
   Number of composantes: 18 s
   Number of sequences: 18 s
   Cluster time: 0.001515 s
   Mate pair values: 1.000000 and 1.000000
___________________
Queue length: 40
 Turn 217 with 19 sequences
   Ratio of explicative variable: 1.000000
   Distance time: 0.002304 s
   Number of composantes: 19 s
   Number of sequences: 19 s
   Cluster time: 0.001677 s
   Mate pair values: 1.000000 and 0.800000
___________________
Queue length: 39
 Turn 218 with 6 sequences
   Ratio of explicative variable: 1.000000
   Distance time: 0.002098 s
   Number of composantes: 6 s
   Number of sequences: 6 s
   Cluster time: 0.001330 s
   Mate pair values: 1.000000 and 0.000000
___________________
Queue length: 38
 Turn 219 with 294 sequences
   Ratio of explicative variable: 1.000000
   Distance time: 0.266522 s
   Number of composantes: 294 s
   Number of sequences: 294 s
   Cluster time: 0.024112 s
   Mate pair values: 0.986486 and 0.986364
___________________
Queue length: 39
 Turn 220 with 78 sequences
   Ratio of explicative variable: 1.000000
   Distance time: 0.008991 s
   Number of composantes: 78 s
   Number of sequences: 78 s
   Cluster time: 0.003487 s
   Mate pair values: 0.941176 and 1.000000
___________________
Queue length: 38
 Turn 221 with 82 sequences
   Ratio of explicative variable: 1.000000
   Distance time: 0.009180 s
   Number of composantes: 82 s
   Number of sequences: 82 s
   Cluster time: 0.003401 s
   Mate pair values: 1.000000 and 1.000000
___________________
Queue length: 39
 Turn 222 with 47 sequences
   Ratio of explicative variable: 1.000000
   Distance time: 0.003776 s
   Number of composantes: 47 s
   Number of sequences: 47 s
   Cluster time: 0.002153 s
   Mate pair values: 0.916667 and 1.000000
___________________
Queue length: 38
 Turn 223 with 22 sequences
   Ratio of explicative variable: 1.000000
   Distance time: 0.002435 s
   Number of composantes: 22 s
   Number of sequences: 22 s
   Cluster time: 0.001567 s
   Mate pair values: 1.000000 and 1.000000
___________________
Queue length: 39
 Turn 224 with 5 sequences
   Ratio of explicative variable: 1.000000
   Distance time: 0.002201 s
   Number of composantes: 5 s
   Number of sequences: 5 s
   Cluster time: 0.001371 s
   Mate pair values: 1.000000 and 0.000000
___________________
Queue length: 38
 Turn 225 with 19 sequences
   Ratio of explicative variable: 1.000000
   Distance time: 0.002448 s
   Number of composantes: 19 s
   Number of sequences: 19 s
   Cluster time: 0.001685 s
   Mate pair values: 1.000000 and 0.666667
___________________
Queue length: 37
 Turn 226 with 2 sequences
   Ratio of explicative variable: 1.000000
   Distance time: 0.002133 s
   Number of composantes: 2 s
   Number of sequences: 2 s
   Cluster time: 0.001302 s
   Mate pair values: 0.000000 and 0.000000
___________________
Queue length: 36
 Turn 227 with 3 sequences
   Ratio of explicative variable: 1.000000
   Distance time: 0.002307 s
   Number of composantes: 3 s
   Number of sequences: 3 s
   Cluster time: 0.001311 s
   Mate pair values: 0.000000 and 0.000000
___________________
Queue length: 35
 Turn 228 with 2 sequences
   Ratio of explicative variable: 1.000000
   Distance time: 0.002120 s
   Number of composantes: 2 s
   Number of sequences: 2 s
   Cluster time: 0.001338 s
   Mate pair values: 0.000000 and 0.000000
___________________
Queue length: 34
 Turn 229 with 13 sequences
   Ratio of explicative variable: 1.000000
   Distance time: 0.002234 s
   Number of composantes: 13 s
   Number of sequences: 13 s
   Cluster time: 0.001482 s
   Mate pair values: 1.000000 and 0.900000
___________________
Queue length: 33
 Turn 230 with 3 sequences
   Ratio of explicative variable: 1.000000
   Distance time: 0.002107 s
   Number of composantes: 3 s
   Number of sequences: 3 s
   Cluster time: 0.001327 s
   Mate pair values: 0.000000 and 0.000000
___________________
Queue length: 32
 Turn 231 with 60 sequences
   Ratio of explicative variable: 1.000000
   Distance time: 0.005228 s
   Number of composantes: 60 s
   Number of sequences: 60 s
   Cluster time: 0.002549 s
   Mate pair values: 1.000000 and 1.000000
___________________
Queue length: 33
 Turn 232 with 93 sequences
   Ratio of explicative variable: 1.000000
   Distance time: 0.012008 s
   Number of composantes: 93 s
   Number of sequences: 93 s
   Cluster time: 0.003732 s
   Mate pair values: 1.000000 and 0.925926
___________________
Queue length: 32
 Turn 233 with 16 sequences
   Ratio of explicative variable: 1.000000
   Distance time: 0.002206 s
   Number of composantes: 16 s
   Number of sequences: 16 s
   Cluster time: 0.001438 s
   Mate pair values: 1.000000 and 1.000000
___________________
Queue length: 33
 Turn 234 with 23 sequences
   Ratio of explicative variable: 1.000000
   Distance time: 0.002339 s
   Number of composantes: 23 s
   Number of sequences: 23 s
   Cluster time: 0.001832 s
   Mate pair values: 0.777778 and 1.000000
___________________
Queue length: 32
 Turn 235 with 12 sequences
   Ratio of explicative variable: 1.000000
   Distance time: 0.002130 s
   Number of composantes: 12 s
   Number of sequences: 12 s
   Cluster time: 0.001415 s
   Mate pair values: 0.666667 and 1.000000
___________________
Queue length: 31
 Turn 236 with 6 sequences
   Ratio of explicative variable: 1.000000
   Distance time: 0.002049 s
   Number of composantes: 6 s
   Number of sequences: 6 s
   Cluster time: 0.001270 s
   Mate pair values: 1.000000 and 0.000000
___________________
Queue length: 30
 Turn 237 with 35 sequences
   Ratio of explicative variable: 1.000000
   Distance time: 0.002814 s
   Number of composantes: 35 s
   Number of sequences: 35 s
   Cluster time: 0.001807 s
   Mate pair values: 1.000000 and 1.000000
___________________
Queue length: 31
 Turn 238 with 50 sequences
   Ratio of explicative variable: 1.000000
   Distance time: 0.003754 s
   Number of composantes: 50 s
   Number of sequences: 50 s
   Cluster time: 0.002131 s
   Mate pair values: 0.900000 and 1.000000
___________________
Queue length: 30
 Turn 239 with 13 sequences
   Ratio of explicative variable: 1.000000
   Distance time: 0.002225 s
   Number of composantes: 13 s
   Number of sequences: 13 s
   Cluster time: 0.001402 s
   Mate pair values: 1.000000 and 1.000000
___________________
Queue length: 31
 Turn 240 with 15 sequences
   Ratio of explicative variable: 1.000000
   Distance time: 0.002210 s
   Number of composantes: 15 s
   Number of sequences: 15 s
   Cluster time: 0.001431 s
   Mate pair values: 1.000000 and 1.000000
___________________
Queue length: 32
 Turn 241 with 9 sequences
   Ratio of explicative variable: 1.000000
   Distance time: 0.002111 s
   Number of composantes: 9 s
   Number of sequences: 9 s
   Cluster time: 0.001386 s
   Mate pair values: 1.000000 and 1.000000
___________________
Queue length: 33
 Turn 242 with 4 sequences
   Ratio of explicative variable: 1.000000
   Distance time: 0.002014 s
   Number of composantes: 4 s
   Number of sequences: 4 s
   Cluster time: 0.001410 s
   Mate pair values: 1.000000 and 1.000000
___________________
Queue length: 34
 Turn 243 with 24 sequences
   Ratio of explicative variable: 1.000000
   Distance time: 0.002424 s
   Number of composantes: 24 s
   Number of sequences: 24 s
   Cluster time: 0.001596 s
   Mate pair values: 1.000000 and 1.000000
___________________
Queue length: 35
 Turn 244 with 14 sequences
   Ratio of explicative variable: 1.000000
   Distance time: 0.002239 s
   Number of composantes: 14 s
   Number of sequences: 14 s
   Cluster time: 0.001426 s
   Mate pair values: 1.000000 and 1.000000
___________________
Queue length: 36
 Turn 245 with 17 sequences
   Ratio of explicative variable: 1.000000
   Distance time: 0.002215 s
   Number of composantes: 17 s
   Number of sequences: 17 s
   Cluster time: 0.001522 s
   Mate pair values: 1.000000 and 0.833333
___________________
Queue length: 35
 Turn 246 with 22 sequences
   Ratio of explicative variable: 1.000000
   Distance time: 0.002473 s
   Number of composantes: 22 s
   Number of sequences: 22 s
   Cluster time: 0.001700 s
   Mate pair values: 0.666667 and 1.000000
___________________
Queue length: 34
 Turn 247 with 8 sequences
   Ratio of explicative variable: 1.000000
   Distance time: 0.002194 s
   Number of composantes: 8 s
   Number of sequences: 8 s
   Cluster time: 0.001381 s
   Mate pair values: 1.000000 and 0.000000
___________________
Queue length: 33
 Turn 248 with 2 sequences
   Ratio of explicative variable: 1.000000
   Distance time: 0.002062 s
   Number of composantes: 2 s
   Number of sequences: 2 s
   Cluster time: 0.001290 s
   Mate pair values: 0.000000 and 0.000000
___________________
Queue length: 32
 Turn 249 with 46 sequences
   Ratio of explicative variable: 1.000000
   Distance time: 0.003856 s
   Number of composantes: 46 s
   Number of sequences: 46 s
   Cluster time: 0.002234 s
   Mate pair values: 0.944444 and 0.964286
___________________
Queue length: 31
 Turn 250 with 22 sequences
   Ratio of explicative variable: 1.000000
   Distance time: 0.002663 s
   Number of composantes: 22 s
   Number of sequences: 22 s
   Cluster time: 0.001621 s
   Mate pair values: 0.714286 and 1.000000
___________________
Queue length: 30
 Turn 251 with 128 sequences
   Ratio of explicative variable: 1.000000
   Distance time: 0.027750 s
   Number of composantes: 128 s
   Number of sequences: 128 s
   Cluster time: 0.005859 s
   Mate pair values: 0.892857 and 0.958333
___________________
Queue length: 29
 Turn 252 with 55 sequences
   Ratio of explicative variable: 1.000000
   Distance time: 0.004558 s
   Number of composantes: 55 s
   Number of sequences: 55 s
   Cluster time: 0.002441 s
   Mate pair values: 0.937500 and 1.000000
___________________
Queue length: 28
 Turn 253 with 169 sequences
   Ratio of explicative variable: 1.000000
   Distance time: 0.055147 s
   Number of composantes: 169 s
   Number of sequences: 169 s
   Cluster time: 0.008911 s
   Mate pair values: 0.826087 and 0.972603
___________________
Queue length: 27
 Turn 254 with 21 sequences
   Ratio of explicative variable: 1.000000
   Distance time: 0.002308 s
   Number of composantes: 21 s
   Number of sequences: 21 s
   Cluster time: 0.001598 s
   Mate pair values: 1.000000 and 1.000000
___________________
Queue length: 28
 Turn 255 with 8 sequences
   Ratio of explicative variable: 1.000000
   Distance time: 0.002091 s
   Number of composantes: 8 s
   Number of sequences: 8 s
   Cluster time: 0.001334 s
   Mate pair values: 1.000000 and 1.000000
___________________
Queue length: 29
 Turn 256 with 10 sequences
   Ratio of explicative variable: 1.000000
   Distance time: 0.002190 s
   Number of composantes: 10 s
   Number of sequences: 10 s
   Cluster time: 0.001357 s
   Mate pair values: 1.000000 and 0.800000
___________________
Queue length: 28
 Turn 257 with 220 sequences
   Ratio of explicative variable: 1.000000
   Distance time: 0.117817 s
   Number of composantes: 220 s
   Number of sequences: 220 s
   Cluster time: 0.013404 s
   Mate pair values: 0.963303 and 0.963964
___________________
Queue length: 29
 Turn 258 with 74 sequences
   Ratio of explicative variable: 1.000000
   Distance time: 0.007433 s
   Number of composantes: 74 s
   Number of sequences: 74 s
   Cluster time: 0.003067 s
   Mate pair values: 1.000000 and 0.909091
___________________
Queue length: 28
 Turn 259 with 65 sequences
   Ratio of explicative variable: 1.000000
   Distance time: 0.005741 s
   Number of composantes: 65 s
   Number of sequences: 65 s
   Cluster time: 0.002597 s
   Mate pair values: 1.000000 and 0.941176
___________________
Queue length: 27
 Turn 260 with 17 sequences
   Ratio of explicative variable: 1.000000
   Distance time: 0.002263 s
   Number of composantes: 17 s
   Number of sequences: 17 s
   Cluster time: 0.001498 s
   Mate pair values: 1.000000 and 0.916667
___________________
Queue length: 26
 Turn 261 with 18 sequences
   Ratio of explicative variable: 1.000000
   Distance time: 0.002226 s
   Number of composantes: 18 s
   Number of sequences: 18 s
   Cluster time: 0.001517 s
   Mate pair values: 1.000000 and 1.000000
___________________
Queue length: 27
 Turn 262 with 4 sequences
   Ratio of explicative variable: 1.000000
   Distance time: 0.002051 s
   Number of composantes: 4 s
   Number of sequences: 4 s
   Cluster time: 0.001279 s
   Mate pair values: 1.000000 and 0.000000
___________________
Queue length: 26
 Turn 263 with 47 sequences
   Ratio of explicative variable: 1.000000
   Distance time: 0.003691 s
   Number of composantes: 47 s
   Number of sequences: 47 s
   Cluster time: 0.002094 s
   Mate pair values: 1.000000 and 1.000000
___________________
Queue length: 27
 Turn 264 with 13 sequences
   Ratio of explicative variable: 1.000000
   Distance time: 0.002189 s
   Number of composantes: 13 s
   Number of sequences: 13 s
   Cluster time: 0.001422 s
   Mate pair values: 0.000000 and 0.000000
___________________
Queue length: 26
 Turn 265 with 10 sequences
   Ratio of explicative variable: 1.000000
   Distance time: 0.002137 s
   Number of composantes: 10 s
   Number of sequences: 10 s
   Cluster time: 0.001335 s
   Mate pair values: 1.000000 and 0.000000
___________________
Queue length: 25
 Turn 266 with 6 sequences
   Ratio of explicative variable: 1.000000
   Distance time: 0.002102 s
   Number of composantes: 6 s
   Number of sequences: 6 s
   Cluster time: 0.001326 s
   Mate pair values: 1.000000 and 1.000000
___________________
Queue length: 26
 Turn 267 with 8 sequences
   Ratio of explicative variable: 1.000000
   Distance time: 0.002128 s
   Number of composantes: 8 s
   Number of sequences: 8 s
   Cluster time: 0.001335 s
   Mate pair values: 1.000000 and 1.000000
___________________
Queue length: 27
 Turn 268 with 27 sequences
   Ratio of explicative variable: 1.000000
   Distance time: 0.002497 s
   Number of composantes: 27 s
   Number of sequences: 27 s
   Cluster time: 0.001663 s
   Mate pair values: 1.000000 and 0.958333
___________________
Queue length: 28
 Turn 269 with 9 sequences
   Ratio of explicative variable: 1.000000
   Distance time: 0.002076 s
   Number of composantes: 9 s
   Number of sequences: 9 s
   Cluster time: 0.001559 s
   Mate pair values: 1.000000 and 1.000000
___________________
Queue length: 29
 Turn 270 with 4 sequences
   Ratio of explicative variable: 1.000000
   Distance time: 0.002055 s
   Number of composantes: 4 s
   Number of sequences: 4 s
   Cluster time: 0.001312 s
   Mate pair values: 1.000000 and 0.000000
___________________
Queue length: 28
 Turn 271 with 9 sequences
   Ratio of explicative variable: 1.000000
   Distance time: 0.002183 s
   Number of composantes: 9 s
   Number of sequences: 9 s
   Cluster time: 0.001390 s
   Mate pair values: 0.666667 and 1.000000
___________________
Queue length: 27
 Turn 272 with 6 sequences
   Ratio of explicative variable: 1.000000
   Distance time: 0.002058 s
   Number of composantes: 6 s
   Number of sequences: 6 s
   Cluster time: 0.001287 s
   Mate pair values: 1.000000 and 0.000000
___________________
Queue length: 26
 Turn 273 with 6 sequences
   Ratio of explicative variable: 1.000000
   Distance time: 0.002149 s
   Number of composantes: 6 s
   Number of sequences: 6 s
   Cluster time: 0.001353 s
   Mate pair values: 1.000000 and 0.000000
___________________
Queue length: 25
 Turn 274 with 3 sequences
   Ratio of explicative variable: 1.000000
   Distance time: 0.002087 s
   Number of composantes: 3 s
   Number of sequences: 3 s
   Cluster time: 0.001293 s
   Mate pair values: 0.000000 and 0.000000
___________________
Queue length: 24
 Turn 275 with 2 sequences
   Ratio of explicative variable: 1.000000
   Distance time: 0.002062 s
   Number of composantes: 2 s
   Number of sequences: 2 s
   Cluster time: 0.001259 s
   Mate pair values: 0.000000 and 0.000000
___________________
Queue length: 23
 Turn 276 with 2 sequences
   Ratio of explicative variable: 1.000000
   Distance time: 0.002117 s
   Number of composantes: 2 s
   Number of sequences: 2 s
   Cluster time: 0.001290 s
   Mate pair values: 0.000000 and 0.000000
___________________
Queue length: 22
 Turn 277 with 12 sequences
   Ratio of explicative variable: 1.000000
   Distance time: 0.002197 s
   Number of composantes: 12 s
   Number of sequences: 12 s
   Cluster time: 0.001387 s
   Mate pair values: 1.000000 and 1.000000
___________________
Queue length: 23
 Turn 278 with 12 sequences
   Ratio of explicative variable: 1.000000
   Distance time: 0.002160 s
   Number of composantes: 12 s
   Number of sequences: 12 s
   Cluster time: 0.001718 s
   Mate pair values: 1.000000 and 1.000000
___________________
Queue length: 24
 Turn 279 with 6 sequences
   Ratio of explicative variable: 1.000000
   Distance time: 0.002130 s
   Number of composantes: 6 s
   Number of sequences: 6 s
   Cluster time: 0.001315 s
   Mate pair values: 1.000000 and 1.000000
___________________
Queue length: 25
 Turn 280 with 8 sequences
   Ratio of explicative variable: 1.000000
   Distance time: 0.002144 s
   Number of composantes: 8 s
   Number of sequences: 8 s
   Cluster time: 0.001345 s
   Mate pair values: 1.000000 and 0.000000
___________________
Queue length: 24
 Turn 281 with 13 sequences
   Ratio of explicative variable: 1.000000
   Distance time: 0.002180 s
   Number of composantes: 13 s
   Number of sequences: 13 s
   Cluster time: 0.001485 s
   Mate pair values: 1.000000 and 1.000000
___________________
Queue length: 25
 Turn 282 with 8 sequences
   Ratio of explicative variable: 1.000000
   Distance time: 0.002072 s
   Number of composantes: 8 s
   Number of sequences: 8 s
   Cluster time: 0.001350 s
   Mate pair values: 1.000000 and 1.000000
___________________
Queue length: 26
 Turn 283 with 5 sequences
   Ratio of explicative variable: 1.000000
   Distance time: 0.002132 s
   Number of composantes: 5 s
   Number of sequences: 5 s
   Cluster time: 0.001308 s
   Mate pair values: 1.000000 and 0.000000
___________________
Queue length: 25
 Turn 284 with 3 sequences
   Ratio of explicative variable: 1.000000
   Distance time: 0.002014 s
   Number of composantes: 3 s
   Number of sequences: 3 s
   Cluster time: 0.001319 s
   Mate pair values: 0.000000 and 0.000000
___________________
Queue length: 24
 Turn 285 with 111 sequences
   Ratio of explicative variable: 1.000000
   Distance time: 0.018169 s
   Number of composantes: 111 s
   Number of sequences: 111 s
   Cluster time: 0.004559 s
   Mate pair values: 1.000000 and 1.000000
___________________
Queue length: 25
 Turn 286 with 109 sequences
   Ratio of explicative variable: 1.000000
   Distance time: 0.017289 s
   Number of composantes: 109 s
   Number of sequences: 109 s
   Cluster time: 0.004768 s
   Mate pair values: 1.000000 and 0.988889
___________________
Queue length: 26
 Turn 287 with 11 sequences
   Ratio of explicative variable: 1.000000
   Distance time: 0.002146 s
   Number of composantes: 11 s
   Number of sequences: 11 s
   Cluster time: 0.001393 s
   Mate pair values: 1.000000 and 0.750000
___________________
Queue length: 25
 Turn 288 with 7 sequences
   Ratio of explicative variable: 1.000000
   Distance time: 0.002111 s
   Number of composantes: 7 s
   Number of sequences: 7 s
   Cluster time: 0.001355 s
   Mate pair values: 1.000000 and 0.000000
___________________
Queue length: 24
 Turn 289 with 40 sequences
   Ratio of explicative variable: 1.000000
   Distance time: 0.003082 s
   Number of composantes: 40 s
   Number of sequences: 40 s
   Cluster time: 0.001895 s
   Mate pair values: 1.000000 and 0.939394
___________________
Queue length: 23
 Turn 290 with 7 sequences
   Ratio of explicative variable: 1.000000
   Distance time: 0.002130 s
   Number of composantes: 7 s
   Number of sequences: 7 s
   Cluster time: 0.001287 s
   Mate pair values: 1.000000 and 1.000000
___________________
Queue length: 24
 Turn 291 with 4 sequences
   Ratio of explicative variable: 1.000000
   Distance time: 0.002113 s
   Number of composantes: 4 s
   Number of sequences: 4 s
   Cluster time: 0.001239 s
   Mate pair values: 0.000000 and 1.000000
___________________
Queue length: 23
 Turn 292 with 2 sequences
   Ratio of explicative variable: 1.000000
   Distance time: 0.002034 s
   Number of composantes: 2 s
   Number of sequences: 2 s
   Cluster time: 0.001254 s
   Mate pair values: 0.000000 and 0.000000
___________________
Queue length: 22
 Turn 293 with 5 sequences
   Ratio of explicative variable: 1.000000
   Distance time: 0.002070 s
   Number of composantes: 5 s
   Number of sequences: 5 s
   Cluster time: 0.001302 s
   Mate pair values: 1.000000 and 0.000000
___________________
Queue length: 21
 Turn 294 with 3 sequences
   Ratio of explicative variable: 1.000000
   Distance time: 0.002072 s
   Number of composantes: 3 s
   Number of sequences: 3 s
   Cluster time: 0.001252 s
   Mate pair values: 0.000000 and 0.000000
___________________
Queue length: 20
 Turn 295 with 24 sequences
   Ratio of explicative variable: 1.000000
   Distance time: 0.002414 s
   Number of composantes: 24 s
   Number of sequences: 24 s
   Cluster time: 0.001660 s
   Mate pair values: 1.000000 and 0.937500
___________________
Queue length: 19
 Turn 296 with 3 sequences
   Ratio of explicative variable: 1.000000
   Distance time: 0.002029 s
   Number of composantes: 3 s
   Number of sequences: 3 s
   Cluster time: 0.001298 s
   Mate pair values: 0.000000 and 0.000000
___________________
Queue length: 18
 Turn 297 with 7 sequences
   Ratio of explicative variable: 1.000000
   Distance time: 0.002067 s
   Number of composantes: 7 s
   Number of sequences: 7 s
   Cluster time: 0.001304 s
   Mate pair values: 1.000000 and 0.800000
___________________
Queue length: 17
 Turn 298 with 2 sequences
   Ratio of explicative variable: 1.000000
   Distance time: 0.002046 s
   Number of composantes: 2 s
   Number of sequences: 2 s
   Cluster time: 0.001232 s
   Mate pair values: 0.000000 and 0.000000
___________________
Queue length: 16
 Turn 299 with 7 sequences
   Ratio of explicative variable: 1.000000
   Distance time: 0.002126 s
   Number of composantes: 7 s
   Number of sequences: 7 s
   Cluster time: 0.001295 s
   Mate pair values: 1.000000 and 1.000000
___________________
Queue length: 17
 Turn 300 with 5 sequences
   Ratio of explicative variable: 1.000000
   Distance time: 0.002074 s
   Number of composantes: 5 s
   Number of sequences: 5 s
   Cluster time: 0.001268 s
   Mate pair values: 1.000000 and 0.000000
___________________
Queue length: 16
 Turn 301 with 5 sequences
   Ratio of explicative variable: 1.000000
   Distance time: 0.002111 s
   Number of composantes: 5 s
   Number of sequences: 5 s
   Cluster time: 0.001258 s
   Mate pair values: 0.000000 and 1.000000
___________________
Queue length: 15
 Turn 302 with 7 sequences
   Ratio of explicative variable: 1.000000
   Distance time: 0.002074 s
   Number of composantes: 7 s
   Number of sequences: 7 s
   Cluster time: 0.001286 s
   Mate pair values: 1.000000 and 0.000000
___________________
Queue length: 14
 Turn 303 with 4 sequences
   Ratio of explicative variable: 1.000000
   Distance time: 0.002099 s
   Number of composantes: 4 s
   Number of sequences: 4 s
   Cluster time: 0.001230 s
   Mate pair values: 1.000000 and 0.000000
___________________
Queue length: 13
 Turn 304 with 2 sequences
   Ratio of explicative variable: 1.000000
   Distance time: 0.002083 s
   Number of composantes: 2 s
   Number of sequences: 2 s
   Cluster time: 0.001304 s
   Mate pair values: 0.000000 and 0.000000
___________________
Queue length: 12
 Turn 305 with 10 sequences
   Ratio of explicative variable: 1.000000
   Distance time: 0.002132 s
   Number of composantes: 10 s
   Number of sequences: 10 s
   Cluster time: 0.001326 s
   Mate pair values: 1.000000 and 1.000000
___________________
Queue length: 13
 Turn 306 with 3 sequences
   Ratio of explicative variable: 1.000000
   Distance time: 0.002040 s
   Number of composantes: 3 s
   Number of sequences: 3 s
   Cluster time: 0.001287 s
   Mate pair values: 0.000000 and 0.000000
___________________
Queue length: 12
 Turn 307 with 6 sequences
   Ratio of explicative variable: 1.000000
   Distance time: 0.002077 s
   Number of composantes: 6 s
   Number of sequences: 6 s
   Cluster time: 0.001266 s
   Mate pair values: 1.000000 and 1.000000
___________________
Queue length: 13
 Turn 308 with 2 sequences
   Ratio of explicative variable: 1.000000
   Distance time: 0.002042 s
   Number of composantes: 2 s
   Number of sequences: 2 s
   Cluster time: 0.001287 s
   Mate pair values: 0.000000 and 0.000000
___________________
Queue length: 12
 Turn 309 with 89 sequences
   Ratio of explicative variable: 1.000000
   Distance time: 0.010582 s
   Number of composantes: 89 s
   Number of sequences: 89 s
   Cluster time: 0.003665 s
   Mate pair values: 1.000000 and 0.986111
___________________
Queue length: 13
 Turn 310 with 22 sequences
   Ratio of explicative variable: 1.000000
   Distance time: 0.002364 s
   Number of composantes: 22 s
   Number of sequences: 22 s
   Cluster time: 0.001619 s
   Mate pair values: 0.600000 and 1.000000
___________________
Queue length: 12
 Turn 311 with 90 sequences
   Ratio of explicative variable: 1.000000
   Distance time: 0.010915 s
   Number of composantes: 90 s
   Number of sequences: 90 s
   Cluster time: 0.003601 s
   Mate pair values: 1.000000 and 1.000000
___________________
Queue length: 13
 Turn 312 with 19 sequences
   Ratio of explicative variable: 1.000000
   Distance time: 0.002235 s
   Number of composantes: 19 s
   Number of sequences: 19 s
   Cluster time: 0.001471 s
   Mate pair values: 1.000000 and 0.769231
___________________
Queue length: 12
 Turn 313 with 4 sequences
   Ratio of explicative variable: 1.000000
   Distance time: 0.002044 s
   Number of composantes: 4 s
   Number of sequences: 4 s
   Cluster time: 0.001312 s
   Mate pair values: 1.000000 and 1.000000
___________________
Queue length: 13
 Turn 314 with 3 sequences
   Ratio of explicative variable: 1.000000
   Distance time: 0.002087 s
   Number of composantes: 3 s
   Number of sequences: 3 s
   Cluster time: 0.001281 s
   Mate pair values: 0.000000 and 0.000000
___________________
Queue length: 12
 Turn 315 with 5 sequences
   Ratio of explicative variable: 1.000000
   Distance time: 0.002068 s
   Number of composantes: 5 s
   Number of sequences: 5 s
   Cluster time: 0.001308 s
   Mate pair values: 1.000000 and 1.000000
___________________
Queue length: 13
 Turn 316 with 2 sequences
   Ratio of explicative variable: 1.000000
   Distance time: 0.002077 s
   Number of composantes: 2 s
   Number of sequences: 2 s
   Cluster time: 0.001229 s
   Mate pair values: 0.000000 and 0.000000
___________________
Queue length: 12
 Turn 317 with 8 sequences
   Ratio of explicative variable: 1.000000
   Distance time: 0.002148 s
   Number of composantes: 8 s
   Number of sequences: 8 s
   Cluster time: 0.001326 s
   Mate pair values: 1.000000 and 0.000000
___________________
Queue length: 11
 Turn 318 with 2 sequences
   Ratio of explicative variable: 1.000000
   Distance time: 0.002044 s
   Number of composantes: 2 s
   Number of sequences: 2 s
   Cluster time: 0.001283 s
   Mate pair values: 0.000000 and 0.000000
___________________
Queue length: 10
 Turn 319 with 4 sequences
   Ratio of explicative variable: 1.000000
   Distance time: 0.002120 s
   Number of composantes: 4 s
   Number of sequences: 4 s
   Cluster time: 0.001253 s
   Mate pair values: 1.000000 and 0.500000
___________________
Queue length: 9
 Turn 320 with 2 sequences
   Ratio of explicative variable: 1.000000
   Distance time: 0.002061 s
   Number of composantes: 2 s
   Number of sequences: 2 s
   Cluster time: 0.001245 s
   Mate pair values: 0.000000 and 0.000000
___________________
Queue length: 8
 Turn 321 with 72 sequences
   Ratio of explicative variable: 1.000000
   Distance time: 0.006826 s
   Number of composantes: 72 s
   Number of sequences: 72 s
   Cluster time: 0.002856 s
   Mate pair values: 1.000000 and 0.916667
___________________
Queue length: 7
 Turn 322 with 17 sequences
   Ratio of explicative variable: 1.000000
   Distance time: 0.002318 s
   Number of composantes: 17 s
   Number of sequences: 17 s
   Cluster time: 0.001533 s
   Mate pair values: 1.000000 and 0.600000
___________________
Queue length: 6
 Turn 323 with 81 sequences
   Ratio of explicative variable: 1.000000
   Distance time: 0.009145 s
   Number of composantes: 81 s
   Number of sequences: 81 s
   Cluster time: 0.003343 s
   Mate pair values: 0.809524 and 0.966667
___________________
Queue length: 5
 Turn 324 with 9 sequences
   Ratio of explicative variable: 1.000000
   Distance time: 0.002220 s
   Number of composantes: 9 s
   Number of sequences: 9 s
   Cluster time: 0.001391 s
   Mate pair values: 1.000000 and 1.000000
___________________
Queue length: 6
 Turn 325 with 2 sequences
   Ratio of explicative variable: 1.000000
   Distance time: 0.002020 s
   Number of composantes: 2 s
   Number of sequences: 2 s
   Cluster time: 0.001212 s
   Mate pair values: 0.000000 and 0.000000
___________________
Queue length: 5
 Turn 326 with 2 sequences
   Ratio of explicative variable: 1.000000
   Distance time: 0.002196 s
   Number of composantes: 2 s
   Number of sequences: 2 s
   Cluster time: 0.001261 s
   Mate pair values: 0.000000 and 0.000000
___________________
Queue length: 4
 Turn 327 with 3 sequences
   Ratio of explicative variable: 1.000000
   Distance time: 0.001984 s
   Number of composantes: 3 s
   Number of sequences: 3 s
   Cluster time: 0.001229 s
   Mate pair values: 0.000000 and 0.000000
___________________
Queue length: 3
 Turn 328 with 2 sequences
   Ratio of explicative variable: 1.000000
   Distance time: 0.002028 s
   Number of composantes: 2 s
   Number of sequences: 2 s
   Cluster time: 0.001275 s
   Mate pair values: 0.000000 and 0.000000
___________________
Queue length: 2
 Turn 329 with 5 sequences
   Ratio of explicative variable: 1.000000
   Distance time: 0.002092 s
   Number of composantes: 5 s
   Number of sequences: 5 s
   Cluster time: 0.001306 s
   Mate pair values: 1.000000 and 1.000000
___________________
Queue length: 3
 Turn 330 with 4 sequences
   Ratio of explicative variable: 1.000000
   Distance time: 0.002002 s
   Number of composantes: 4 s
   Number of sequences: 4 s
   Cluster time: 0.001285 s
   Mate pair values: 1.000000 and 0.000000
___________________
Queue length: 2
 Turn 331 with 3 sequences
   Ratio of explicative variable: 1.000000
   Distance time: 0.001972 s
   Number of composantes: 3 s
   Number of sequences: 3 s
   Cluster time: 0.001224 s
   Mate pair values: 0.000000 and 0.000000
___________________
Queue length: 1
 Turn 332 with 2 sequences
   Ratio of explicative variable: 1.000000
   Distance time: 0.002125 s
   Number of composantes: 2 s
   Number of sequences: 2 s
   Cluster time: 0.001341 s
   Mate pair values: 0.000000 and 0.000000
Time classification: 35970.688663 s
Time full: 36608.503184 s
